{"numFailedTestSuites":0,"numFailedTests":0,"numPassedTestSuites":1,"numPassedTests":44,"numPendingTestSuites":0,"numPendingTests":0,"numRuntimeErrorTestSuites":0,"numTodoTests":0,"numTotalTestSuites":1,"numTotalTests":44,"openHandles":[],"snapshot":{"added":0,"didUpdate":false,"failure":false,"filesAdded":0,"filesRemoved":0,"filesRemovedList":[],"filesUnmatched":0,"filesUpdated":0,"matched":0,"total":0,"unchecked":0,"uncheckedKeysByFile":[],"unmatched":0,"updated":0},"startTime":1774220729283,"success":true,"testResults":[{"assertionResults":[{"ancestorTitles":["Cen├írio 1: Cliente com Pressa"],"duration":113,"failureDetails":[],"failureMessages":[],"fullName":"Cen├írio 1: Cliente com Pressa fast track: mensagem longa avan├ºa m├║ltiplas etapas","invocations":1,"location":null,"numPassingAsserts":1,"retryReasons":[],"status":"passed","title":"fast track: mensagem longa avan├ºa m├║ltiplas etapas"},{"ancestorTitles":["Cen├írio 1: Cliente com Pressa"],"duration":51,"failureDetails":[],"failureMessages":[],"fullName":"Cen├írio 1: Cliente com Pressa fluxo completo: grande frango retirada pix","invocations":1,"location":null,"numPassingAsserts":3,"retryReasons":[],"status":"passed","title":"fluxo completo: grande frango retirada pix"},{"ancestorTitles":["Cen├írio 1: Cliente com Pressa"],"duration":10,"failureDetails":[],"failureMessages":[],"fullName":"Cen├írio 1: Cliente com Pressa fluxo r├ípido com poucas intera├º├Áes","invocations":1,"location":null,"numPassingAsserts":1,"retryReasons":[],"status":"passed","title":"fluxo r├ípido com poucas intera├º├Áes"},{"ancestorTitles":["Cen├írio 2: Cliente Indeciso"],"duration":10,"failureDetails":[],"failureMessages":[],"fullName":"Cen├írio 2: Cliente Indeciso responde pergunta \"o que tem de prote├¡na?\"","invocations":1,"location":null,"numPassingAsserts":1,"retryReasons":[],"status":"passed","title":"responde pergunta \"o que tem de prote├¡na?\""},{"ancestorTitles":["Cen├írio 2: Cliente Indeciso"],"duration":10,"failureDetails":[],"failureMessages":[],"fullName":"Cen├írio 2: Cliente Indeciso aceita \"tanto faz\" para acompanhamento","invocations":1,"location":null,"numPassingAsserts":1,"retryReasons":[],"status":"passed","title":"aceita \"tanto faz\" para acompanhamento"},{"ancestorTitles":["Cen├írio 2: Cliente Indeciso"],"duration":16,"failureDetails":[],"failureMessages":[],"fullName":"Cen├írio 2: Cliente Indeciso fluxo completo do indeciso at├® confirma├º├úo","invocations":1,"location":null,"numPassingAsserts":1,"retryReasons":[],"status":"passed","title":"fluxo completo do indeciso at├® confirma├º├úo"},{"ancestorTitles":["Cen├írio 3: Pedido Grande para Fam├¡lia"],"duration":16,"failureDetails":[],"failureMessages":[],"fullName":"Cen├írio 3: Pedido Grande para Fam├¡lia cria 4 marmitas (3 grandes + 1 pequena)","invocations":1,"location":null,"numPassingAsserts":3,"retryReasons":[],"status":"passed","title":"cria 4 marmitas (3 grandes + 1 pequena)"},{"ancestorTitles":["Cen├írio 3: Pedido Grande para Fam├¡lia"],"duration":14,"failureDetails":[],"failureMessages":[],"fullName":"Cen├írio 3: Pedido Grande para Fam├¡lia adiciona bebidas com quantidade correta","invocations":1,"location":null,"numPassingAsserts":3,"retryReasons":[],"status":"passed","title":"adiciona bebidas com quantidade correta"},{"ancestorTitles":["Cen├írio 3: Pedido Grande para Fam├¡lia"],"duration":13,"failureDetails":[],"failureMessages":[],"fullName":"Cen├írio 3: Pedido Grande para Fam├¡lia resumo agrupa 3 grandes com pre├ºo correto","invocations":1,"location":null,"numPassingAsserts":2,"retryReasons":[],"status":"passed","title":"resumo agrupa 3 grandes com pre├ºo correto"},{"ancestorTitles":["Cen├írio 3: Pedido Grande para Fam├¡lia"],"duration":18,"failureDetails":[],"failureMessages":[],"fullName":"Cen├írio 3: Pedido Grande para Fam├¡lia fluxo completo com dinheiro e troco","invocations":1,"location":null,"numPassingAsserts":2,"retryReasons":[],"status":"passed","title":"fluxo completo com dinheiro e troco"},{"ancestorTitles":["Cen├írio 4: Cliente que Muda de Ideia"],"duration":8,"failureDetails":[],"failureMessages":[],"fullName":"Cen├írio 4: Cliente que Muda de Ideia come├ºa com 2 grandes e completa o fluxo","invocations":1,"location":null,"numPassingAsserts":1,"retryReasons":[],"status":"passed","title":"come├ºa com 2 grandes e completa o fluxo"},{"ancestorTitles":["Cen├írio 4: Cliente que Muda de Ideia"],"duration":12,"failureDetails":[],"failureMessages":[],"fullName":"Cen├írio 4: Cliente que Muda de Ideia fluxo completo com retirada e cart├úo","invocations":1,"location":null,"numPassingAsserts":3,"retryReasons":[],"status":"passed","title":"fluxo completo com retirada e cart├úo"},{"ancestorTitles":["Cen├írio 5: Cliente Frustrado"],"duration":7,"failureDetails":[],"failureMessages":[],"fullName":"Cen├írio 5: Cliente Frustrado responde com empatia ao \"aff\"","invocations":1,"location":null,"numPassingAsserts":1,"retryReasons":[],"status":"passed","title":"responde com empatia ao \"aff\""},{"ancestorTitles":["Cen├írio 5: Cliente Frustrado"],"duration":5,"failureDetails":[],"failureMessages":[],"fullName":"Cen├írio 5: Cliente Frustrado n├úo trava com \"sei l├í, o que tem?\"","invocations":1,"location":null,"numPassingAsserts":1,"retryReasons":[],"status":"passed","title":"n├úo trava com \"sei l├í, o que tem?\""},{"ancestorTitles":["Cen├írio 5: Cliente Frustrado"],"duration":9,"failureDetails":[],"failureMessages":[],"fullName":"Cen├írio 5: Cliente Frustrado fluxo completo mesmo com frustra├º├úo","invocations":1,"location":null,"numPassingAsserts":1,"retryReasons":[],"status":"passed","title":"fluxo completo mesmo com frustra├º├úo"},{"ancestorTitles":["Cen├írio 6: Cliente Pergunt├úo"],"duration":3,"failureDetails":[],"failureMessages":[],"fullName":"Cen├írio 6: Cliente Pergunt├úo responde pergunta sobre hor├írio de funcionamento","invocations":1,"location":null,"numPassingAsserts":1,"retryReasons":[],"status":"passed","title":"responde pergunta sobre hor├írio de funcionamento"},{"ancestorTitles":["Cen├írio 6: Cliente Pergunt├úo"],"duration":3,"failureDetails":[],"failureMessages":[],"fullName":"Cen├írio 6: Cliente Pergunt├úo responde pergunta sobre taxa de entrega","invocations":1,"location":null,"numPassingAsserts":1,"retryReasons":[],"status":"passed","title":"responde pergunta sobre taxa de entrega"},{"ancestorTitles":["Cen├írio 6: Cliente Pergunt├úo"],"duration":4,"failureDetails":[],"failureMessages":[],"fullName":"Cen├írio 6: Cliente Pergunt├úo responde pergunta sobre formas de pagamento","invocations":1,"location":null,"numPassingAsserts":1,"retryReasons":[],"status":"passed","title":"responde pergunta sobre formas de pagamento"},{"ancestorTitles":["Cen├írio 6: Cliente Pergunt├úo"],"duration":13,"failureDetails":[],"failureMessages":[],"fullName":"Cen├írio 6: Cliente Pergunt├úo retoma fluxo ap├│s perguntas de FAQ","invocations":1,"location":null,"numPassingAsserts":1,"retryReasons":[],"status":"passed","title":"retoma fluxo ap├│s perguntas de FAQ"},{"ancestorTitles":["Cen├írio 7: Cliente com Typos"],"duration":4,"failureDetails":[],"failureMessages":[],"fullName":"Cen├írio 7: Cliente com Typos entende \"grandi\" como Grande","invocations":1,"location":null,"numPassingAsserts":1,"retryReasons":[],"status":"passed","title":"entende \"grandi\" como Grande"},{"ancestorTitles":["Cen├írio 7: Cliente com Typos"],"duration":4,"failureDetails":[],"failureMessages":[],"fullName":"Cen├írio 7: Cliente com Typos entende \"churrascp\" como Churrasco","invocations":1,"location":null,"numPassingAsserts":1,"retryReasons":[],"status":"passed","title":"entende \"churrascp\" como Churrasco"},{"ancestorTitles":["Cen├írio 7: Cliente com Typos"],"duration":5,"failureDetails":[],"failureMessages":[],"fullName":"Cen├írio 7: Cliente com Typos entende \"custela\" como Costela","invocations":1,"location":null,"numPassingAsserts":1,"retryReasons":[],"status":"passed","title":"entende \"custela\" como Costela"},{"ancestorTitles":["Cen├írio 7: Cliente com Typos"],"duration":5,"failureDetails":[],"failureMessages":[],"fullName":"Cen├írio 7: Cliente com Typos entende \"aroz\" como Arroz","invocations":1,"location":null,"numPassingAsserts":1,"retryReasons":[],"status":"passed","title":"entende \"aroz\" como Arroz"},{"ancestorTitles":["Cen├írio 7: Cliente com Typos"],"duration":4,"failureDetails":[],"failureMessages":[],"fullName":"Cen├írio 7: Cliente com Typos entende \"maiones\" como Maionese","invocations":1,"location":null,"numPassingAsserts":1,"retryReasons":[],"status":"passed","title":"entende \"maiones\" como Maionese"},{"ancestorTitles":["Cen├írio 9: Tentativa de Cancelamento"],"duration":7,"failureDetails":[],"failureMessages":[],"fullName":"Cen├írio 9: Tentativa de Cancelamento \"cancela\" pede confirma├º├úo antes de cancelar","invocations":1,"location":null,"numPassingAsserts":2,"retryReasons":[],"status":"passed","title":"\"cancela\" pede confirma├º├úo antes de cancelar"},{"ancestorTitles":["Cen├írio 9: Tentativa de Cancelamento"],"duration":5,"failureDetails":[],"failureMessages":[],"fullName":"Cen├írio 9: Tentativa de Cancelamento \"n├úo\" ap├│s cancelamento retoma o pedido","invocations":1,"location":null,"numPassingAsserts":2,"retryReasons":[],"status":"passed","title":"\"n├úo\" ap├│s cancelamento retoma o pedido"},{"ancestorTitles":["Cen├írio 9: Tentativa de Cancelamento"],"duration":9,"failureDetails":[],"failureMessages":[],"fullName":"Cen├írio 9: Tentativa de Cancelamento fluxo completo ap├│s desistir de cancelar","invocations":1,"location":null,"numPassingAsserts":1,"retryReasons":[],"status":"passed","title":"fluxo completo ap├│s desistir de cancelar"},{"ancestorTitles":["Cen├írio 10: Dinheiro com Troco"],"duration":11,"failureDetails":[],"failureMessages":[],"fullName":"Cen├írio 10: Dinheiro com Troco mostra total antes de perguntar troco","invocations":1,"location":null,"numPassingAsserts":1,"retryReasons":[],"status":"passed","title":"mostra total antes de perguntar troco"},{"ancestorTitles":["Cen├írio 10: Dinheiro com Troco"],"duration":9,"failureDetails":[],"failureMessages":[],"fullName":"Cen├írio 10: Dinheiro com Troco captura troco corretamente","invocations":1,"location":null,"numPassingAsserts":2,"retryReasons":[],"status":"passed","title":"captura troco corretamente"},{"ancestorTitles":["Cen├írio 11: Cliente Pede Resumo no Meio"],"duration":5,"failureDetails":[],"failureMessages":[],"fullName":"Cen├írio 11: Cliente Pede Resumo no Meio ASK_SUMMARY funciona em AGUARDANDO_TIPO","invocations":1,"location":null,"numPassingAsserts":2,"retryReasons":[],"status":"passed","title":"ASK_SUMMARY funciona em AGUARDANDO_TIPO"},{"ancestorTitles":["Cen├írio 11: Cliente Pede Resumo no Meio"],"duration":6,"failureDetails":[],"failureMessages":[],"fullName":"Cen├írio 11: Cliente Pede Resumo no Meio resumo mostra todas as marmitas agrupadas + bebidas","invocations":1,"location":null,"numPassingAsserts":4,"retryReasons":[],"status":"passed","title":"resumo mostra todas as marmitas agrupadas + bebidas"},{"ancestorTitles":["Cen├írio 11: Cliente Pede Resumo no Meio"],"duration":13,"failureDetails":[],"failureMessages":[],"fullName":"Cen├írio 11: Cliente Pede Resumo no Meio fluxo completo com pedido de resumo","invocations":1,"location":null,"numPassingAsserts":1,"retryReasons":[],"status":"passed","title":"fluxo completo com pedido de resumo"},{"ancestorTitles":["Cen├írio 12: Conversa Ca├│tica (Stress Test)"],"duration":5,"failureDetails":[],"failureMessages":[],"fullName":"Cen├írio 12: Conversa Ca├│tica (Stress Test) fast track captura pedido completo de uma mensagem longa","invocations":1,"location":null,"numPassingAsserts":1,"retryReasons":[],"status":"passed","title":"fast track captura pedido completo de uma mensagem longa"},{"ancestorTitles":["Cen├írio 12: Conversa Ca├│tica (Stress Test)"],"duration":3,"failureDetails":[],"failureMessages":[],"fullName":"Cen├írio 12: Conversa Ca├│tica (Stress Test) aceita sauda├º├úo com emojis","invocations":1,"location":null,"numPassingAsserts":2,"retryReasons":[],"status":"passed","title":"aceita sauda├º├úo com emojis"},{"ancestorTitles":["Cen├írio 12: Conversa Ca├│tica (Stress Test)"],"duration":13,"failureDetails":[],"failureMessages":[],"fullName":"Cen├írio 12: Conversa Ca├│tica (Stress Test) fluxo completo com mensagens ca├│ticas","invocations":1,"location":null,"numPassingAsserts":1,"retryReasons":[],"status":"passed","title":"fluxo completo com mensagens ca├│ticas"},{"ancestorTitles":["Integridade do Pedido"],"duration":7,"failureDetails":[],"failureMessages":[],"fullName":"Integridade do Pedido marmita grande tem pre├ºo 22","invocations":1,"location":null,"numPassingAsserts":1,"retryReasons":[],"status":"passed","title":"marmita grande tem pre├ºo 22"},{"ancestorTitles":["Integridade do Pedido"],"duration":7,"failureDetails":[],"failureMessages":[],"fullName":"Integridade do Pedido marmita pequena tem pre├ºo 20","invocations":1,"location":null,"numPassingAsserts":1,"retryReasons":[],"status":"passed","title":"marmita pequena tem pre├ºo 20"},{"ancestorTitles":["Integridade do Pedido"],"duration":8,"failureDetails":[],"failureMessages":[],"fullName":"Integridade do Pedido suco tem pre├ºo 8","invocations":1,"location":null,"numPassingAsserts":2,"retryReasons":[],"status":"passed","title":"suco tem pre├ºo 8"},{"ancestorTitles":["Integridade do Pedido"],"duration":8,"failureDetails":[],"failureMessages":[],"fullName":"Integridade do Pedido refrigerante tem pre├ºo 6","invocations":1,"location":null,"numPassingAsserts":2,"retryReasons":[],"status":"passed","title":"refrigerante tem pre├ºo 6"},{"ancestorTitles":["Integridade do Pedido"],"duration":9,"failureDetails":[],"failureMessages":[],"fullName":"Integridade do Pedido taxa de entrega ├® 5","invocations":1,"location":null,"numPassingAsserts":1,"retryReasons":[],"status":"passed","title":"taxa de entrega ├® 5"},{"ancestorTitles":["Integridade do Pedido"],"duration":8,"failureDetails":[],"failureMessages":[],"fullName":"Integridade do Pedido retirada n├úo tem taxa","invocations":1,"location":null,"numPassingAsserts":1,"retryReasons":[],"status":"passed","title":"retirada n├úo tem taxa"},{"ancestorTitles":["Fluxo de Pagamento"],"duration":10,"failureDetails":[],"failureMessages":[],"fullName":"Fluxo de Pagamento Pix: mostra chave ap├│s confirma├º├úo","invocations":1,"location":null,"numPassingAsserts":1,"retryReasons":[],"status":"passed","title":"Pix: mostra chave ap├│s confirma├º├úo"},{"ancestorTitles":["Fluxo de Pagamento"],"duration":8,"failureDetails":[],"failureMessages":[],"fullName":"Fluxo de Pagamento Cart├úo: confirma sem pedir troco","invocations":1,"location":null,"numPassingAsserts":2,"retryReasons":[],"status":"passed","title":"Cart├úo: confirma sem pedir troco"},{"ancestorTitles":["Fluxo de Pagamento"],"duration":9,"failureDetails":[],"failureMessages":[],"fullName":"Fluxo de Pagamento Dinheiro: pergunta troco","invocations":1,"location":null,"numPassingAsserts":1,"retryReasons":[],"status":"passed","title":"Dinheiro: pergunta troco"}],"endTime":1774220732207,"message":"","name":"C:\\Users\\Maissistem\\Desktop\\AGENTE RESTAURANTE\\scenarios.test.js","startTime":1774220729478,"status":"passed","summary":""}],"wasInterrupted":false}
