{"numFailedTestSuites":1,"numFailedTests":2,"numPassedTestSuites":17,"numPassedTests":833,"numPendingTestSuites":0,"numPendingTests":0,"numRuntimeErrorTestSuites":0,"numTodoTests":0,"numTotalTestSuites":18,"numTotalTests":835,"openHandles":[],"snapshot":{"added":0,"didUpdate":false,"failure":false,"filesAdded":0,"filesRemoved":0,"filesRemovedList":[],"filesUnmatched":0,"filesUpdated":0,"matched":0,"total":0,"unchecked":0,"uncheckedKeysByFile":[],"unmatched":0,"updated":0},"startTime":1774217114853,"success":false,"testResults":[{"assertionResults":[{"ancestorTitles":["matchItemCatalog"],"duration":19,"failureDetails":[],"failureMessages":[],"fullName":"matchItemCatalog ✅ Match exato","invocations":1,"location":null,"numPassingAsserts":1,"retryReasons":[],"status":"passed","title":"✅ Match exato"},{"ancestorTitles":["matchItemCatalog"],"duration":7,"failureDetails":[],"failureMessages":[],"fullName":"matchItemCatalog ✅ Match por apelido","invocations":1,"location":null,"numPassingAsserts":1,"retryReasons":[],"status":"passed","title":"✅ Match por apelido"},{"ancestorTitles":["matchItemCatalog"],"duration":2,"failureDetails":[],"failureMessages":[],"fullName":"matchItemCatalog ✅ Match case-insensitive","invocations":1,"location":null,"numPassingAsserts":1,"retryReasons":[],"status":"passed","title":"✅ Match case-insensitive"},{"ancestorTitles":["matchItemCatalog"],"duration":2,"failureDetails":[],"failureMessages":[],"fullName":"matchItemCatalog ❌ Item inexistente retorna null","invocations":1,"location":null,"numPassingAsserts":1,"retryReasons":[],"status":"passed","title":"❌ Item inexistente retorna null"},{"ancestorTitles":["matchItemCatalog"],"duration":2,"failureDetails":[],"failureMessages":[],"fullName":"matchItemCatalog ❌ null/undefined retorna null","invocations":1,"location":null,"numPassingAsserts":2,"retryReasons":[],"status":"passed","title":"❌ null/undefined retorna null"},{"ancestorTitles":["processAction (fast track)"],"duration":7,"failureDetails":[],"failureMessages":[],"fullName":"processAction (fast track) ✅ Valida e normaliza fast track","invocations":1,"location":null,"numPassingAsserts":3,"retryReasons":[],"status":"passed","title":"✅ Valida e normaliza fast track"},{"ancestorTitles":["processAction (fast track)"],"duration":1,"failureDetails":[],"failureMessages":[],"fullName":"processAction (fast track) ❌ Proteínas inexistentes invalidam fast track","invocations":1,"location":null,"numPassingAsserts":1,"retryReasons":[],"status":"passed","title":"❌ Proteínas inexistentes invalidam fast track"},{"ancestorTitles":["processAction (fast track)"],"duration":1,"failureDetails":[],"failureMessages":[],"fullName":"processAction (fast track) ❌ Tamanho inválido","invocations":1,"location":null,"numPassingAsserts":1,"retryReasons":[],"status":"passed","title":"❌ Tamanho inválido"},{"ancestorTitles":["processModification"],"duration":2,"failureDetails":[],"failureMessages":[],"fullName":"processModification ✅ Corrige nomes e preços","invocations":1,"location":null,"numPassingAsserts":2,"retryReasons":[],"status":"passed","title":"✅ Corrige nomes e preços"},{"ancestorTitles":["processModification"],"duration":1,"failureDetails":[],"failureMessages":[],"fullName":"processModification ❌ Array vazio retorna null","invocations":1,"location":null,"numPassingAsserts":1,"retryReasons":[],"status":"passed","title":"❌ Array vazio retorna null"},{"ancestorTitles":["processModification"],"duration":2,"failureDetails":[],"failureMessages":[],"fullName":"processModification ❌ null retorna null","invocations":1,"location":null,"numPassingAsserts":1,"retryReasons":[],"status":"passed","title":"❌ null retorna null"},{"ancestorTitles":["processModification"],"duration":1,"failureDetails":[],"failureMessages":[],"fullName":"processModification ❌ Extra desconhecido rejeita tudo","invocations":1,"location":null,"numPassingAsserts":1,"retryReasons":[],"status":"passed","title":"❌ Extra desconhecido rejeita tudo"},{"ancestorTitles":["processModification"],"duration":1,"failureDetails":[],"failureMessages":[],"fullName":"processModification ✅ Extra conhecido é corrigido","invocations":1,"location":null,"numPassingAsserts":2,"retryReasons":[],"status":"passed","title":"✅ Extra conhecido é corrigido"}],"endTime":1774217117615,"message":"","name":"C:\\Users\\Maissistem\\Desktop\\AGENTE RESTAURANTE\\actionProcessor.test.js","startTime":1774217115636,"status":"passed","summary":""},{"assertionResults":[{"ancestorTitles":["extractNameFromMessage"],"duration":21,"failureDetails":[],"failureMessages":[],"fullName":"extractNameFromMessage \"aqui é o Carlos\" → Carlos","invocations":1,"location":null,"numPassingAsserts":1,"retryReasons":[],"status":"passed","title":"\"aqui é o Carlos\" → Carlos"},{"ancestorTitles":["extractNameFromMessage"],"duration":2,"failureDetails":[],"failureMessages":[],"fullName":"extractNameFromMessage \"Oi, aqui é a Maria\" → Maria","invocations":1,"location":null,"numPassingAsserts":1,"retryReasons":[],"status":"passed","title":"\"Oi, aqui é a Maria\" → Maria"},{"ancestorTitles":["extractNameFromMessage"],"duration":2,"failureDetails":[],"failureMessages":[],"fullName":"extractNameFromMessage \"sou a Joana\" → Joana","invocations":1,"location":null,"numPassingAsserts":1,"retryReasons":[],"status":"passed","title":"\"sou a Joana\" → Joana"},{"ancestorTitles":["extractNameFromMessage"],"duration":2,"failureDetails":[],"failureMessages":[],"fullName":"extractNameFromMessage \"meu nome é João Silva\" → João Silva","invocations":1,"location":null,"numPassingAsserts":1,"retryReasons":[],"status":"passed","title":"\"meu nome é João Silva\" → João Silva"},{"ancestorTitles":["extractNameFromMessage"],"duration":2,"failureDetails":[],"failureMessages":[],"fullName":"extractNameFromMessage \"me chamo Pedro\" → Pedro","invocations":1,"location":null,"numPassingAsserts":1,"retryReasons":[],"status":"passed","title":"\"me chamo Pedro\" → Pedro"},{"ancestorTitles":["extractNameFromMessage"],"duration":1,"failureDetails":[],"failureMessages":[],"fullName":"extractNameFromMessage \"pode me chamar de Ana\" → Ana","invocations":1,"location":null,"numPassingAsserts":1,"retryReasons":[],"status":"passed","title":"\"pode me chamar de Ana\" → Ana"},{"ancestorTitles":["extractNameFromMessage"],"duration":2,"failureDetails":[],"failureMessages":[],"fullName":"extractNameFromMessage \"Oi Ricardo\" → Ricardo","invocations":1,"location":null,"numPassingAsserts":1,"retryReasons":[],"status":"passed","title":"\"Oi Ricardo\" → Ricardo"},{"ancestorTitles":["extractNameFromMessage"],"duration":1,"failureDetails":[],"failureMessages":[],"fullName":"extractNameFromMessage \"Bom dia, sou o Fernando\" → Fernando","invocations":1,"location":null,"numPassingAsserts":1,"retryReasons":[],"status":"passed","title":"\"Bom dia, sou o Fernando\" → Fernando"},{"ancestorTitles":["extractNameFromMessage"],"duration":1,"failureDetails":[],"failureMessages":[],"fullName":"extractNameFromMessage \"oi\" → null (sem nome)","invocations":1,"location":null,"numPassingAsserts":1,"retryReasons":[],"status":"passed","title":"\"oi\" → null (sem nome)"},{"ancestorTitles":["extractNameFromMessage"],"duration":2,"failureDetails":[],"failureMessages":[],"fullName":"extractNameFromMessage \"quero uma marmita grande\" → null (sem nome)","invocations":1,"location":null,"numPassingAsserts":1,"retryReasons":[],"status":"passed","title":"\"quero uma marmita grande\" → null (sem nome)"},{"ancestorTitles":["extractNameFromMessage"],"duration":1,"failureDetails":[],"failureMessages":[],"fullName":"extractNameFromMessage null → null","invocations":1,"location":null,"numPassingAsserts":1,"retryReasons":[],"status":"passed","title":"null → null"},{"ancestorTitles":["extractNameFromMessage"],"duration":1,"failureDetails":[],"failureMessages":[],"fullName":"extractNameFromMessage \"ab\" → null (muito curto)","invocations":1,"location":null,"numPassingAsserts":1,"retryReasons":[],"status":"passed","title":"\"ab\" → null (muito curto)"},{"ancestorTitles":["extractNameFromMessage"],"duration":1,"failureDetails":[],"failureMessages":[],"fullName":"extractNameFromMessage palavras comuns filtradas: \"sou eu quero\" → null","invocations":1,"location":null,"numPassingAsserts":1,"retryReasons":[],"status":"passed","title":"palavras comuns filtradas: \"sou eu quero\" → null"},{"ancestorTitles":["validateLastOrder"],"duration":2,"failureDetails":[],"failureMessages":[],"fullName":"validateLastOrder último pedido válido → retorna itens com preços atualizados","invocations":1,"location":null,"numPassingAsserts":3,"retryReasons":[],"status":"passed","title":"último pedido válido → retorna itens com preços atualizados"},{"ancestorTitles":["validateLastOrder"],"duration":1,"failureDetails":[],"failureMessages":[],"fullName":"validateLastOrder último pedido com proteína desativada → remove proteína","invocations":1,"location":null,"numPassingAsserts":1,"retryReasons":[],"status":"passed","title":"último pedido com proteína desativada → remove proteína"},{"ancestorTitles":["validateLastOrder"],"duration":1,"failureDetails":[],"failureMessages":[],"fullName":"validateLastOrder último pedido com bebida válida → mantém bebida","invocations":1,"location":null,"numPassingAsserts":2,"retryReasons":[],"status":"passed","title":"último pedido com bebida válida → mantém bebida"},{"ancestorTitles":["validateLastOrder"],"duration":2,"failureDetails":[],"failureMessages":[],"fullName":"validateLastOrder null ou vazio → array vazio","invocations":1,"location":null,"numPassingAsserts":2,"retryReasons":[],"status":"passed","title":"null ou vazio → array vazio"},{"ancestorTitles":["formatLastOrderSummary"],"duration":3,"failureDetails":[],"failureMessages":[],"fullName":"formatLastOrderSummary marmita com proteínas e acompanhamentos","invocations":1,"location":null,"numPassingAsserts":5,"retryReasons":[],"status":"passed","title":"marmita com proteínas e acompanhamentos"},{"ancestorTitles":["formatLastOrderSummary"],"duration":1,"failureDetails":[],"failureMessages":[],"fullName":"formatLastOrderSummary array vazio → string vazia","invocations":1,"location":null,"numPassingAsserts":2,"retryReasons":[],"status":"passed","title":"array vazio → string vazia"},{"ancestorTitles":["formatTopProducts"],"duration":2,"failureDetails":[],"failureMessages":[],"fullName":"formatTopProducts formata lista de produtos com emojis e preços","invocations":1,"location":null,"numPassingAsserts":4,"retryReasons":[],"status":"passed","title":"formata lista de produtos com emojis e preços"},{"ancestorTitles":["formatTopProducts"],"duration":1,"failureDetails":[],"failureMessages":[],"fullName":"formatTopProducts limita a 5 produtos","invocations":1,"location":null,"numPassingAsserts":1,"retryReasons":[],"status":"passed","title":"limita a 5 produtos"},{"ancestorTitles":["formatTopProducts"],"duration":1,"failureDetails":[],"failureMessages":[],"fullName":"formatTopProducts array vazio → string vazia","invocations":1,"location":null,"numPassingAsserts":2,"retryReasons":[],"status":"passed","title":"array vazio → string vazia"},{"ancestorTitles":["getTopProducts"],"duration":2,"failureDetails":[],"failureMessages":[],"fullName":"getTopProducts retorna lista de produtos padrão","invocations":1,"location":null,"numPassingAsserts":3,"retryReasons":[],"status":"passed","title":"retorna lista de produtos padrão"}],"endTime":1774217117669,"message":"","name":"C:\\Users\\Maissistem\\Desktop\\AGENTE RESTAURANTE\\bootstrapContext.test.js","startTime":1774217115662,"status":"passed","summary":""},{"assertionResults":[{"ancestorTitles":["Intent Router — FAQ"],"duration":42,"failureDetails":[],"failureMessages":[],"fullName":"Intent Router — FAQ pergunta horário → detecta FAQ com dados reais da empresa","invocations":1,"location":null,"numPassingAsserts":4,"retryReasons":[],"status":"passed","title":"pergunta horário → detecta FAQ com dados reais da empresa"},{"ancestorTitles":["Intent Router — FAQ"],"duration":4,"failureDetails":[],"failureMessages":[],"fullName":"Intent Router — FAQ pergunta localização → retorna endereço real da empresa","invocations":1,"location":null,"numPassingAsserts":3,"retryReasons":[],"status":"passed","title":"pergunta localização → retorna endereço real da empresa"},{"ancestorTitles":["Intent Router — FAQ"],"duration":3,"failureDetails":[],"failureMessages":[],"fullName":"Intent Router — FAQ pergunta taxa → retorna taxa real","invocations":1,"location":null,"numPassingAsserts":2,"retryReasons":[],"status":"passed","title":"pergunta taxa → retorna taxa real"},{"ancestorTitles":["Intent Router — FAQ"],"duration":2,"failureDetails":[],"failureMessages":[],"fullName":"Intent Router — FAQ pergunta cartão → responde aceitamos","invocations":1,"location":null,"numPassingAsserts":2,"retryReasons":[],"status":"passed","title":"pergunta cartão → responde aceitamos"},{"ancestorTitles":["Intent Router — FAQ"],"duration":18,"failureDetails":[],"failureMessages":[],"fullName":"Intent Router — FAQ \"rua\" em AGUARDANDO_ENDERECO → NÃO é FAQ (está dando endereço)","invocations":1,"location":null,"numPassingAsserts":1,"retryReasons":[],"status":"passed","title":"\"rua\" em AGUARDANDO_ENDERECO → NÃO é FAQ (está dando endereço)"},{"ancestorTitles":["Intent Router — FAQ"],"duration":2,"failureDetails":[],"failureMessages":[],"fullName":"Intent Router — FAQ \"pix\" em AGUARDANDO_PAGAMENTO → NÃO é FAQ (está pagando)","invocations":1,"location":null,"numPassingAsserts":1,"retryReasons":[],"status":"passed","title":"\"pix\" em AGUARDANDO_PAGAMENTO → NÃO é FAQ (está pagando)"},{"ancestorTitles":["Intent Router — FAQ"],"duration":5,"failureDetails":[],"failureMessages":[],"fullName":"Intent Router — FAQ FAQ retorna contexto de retomada da etapa","invocations":1,"location":null,"numPassingAsserts":3,"retryReasons":[],"status":"passed","title":"FAQ retorna contexto de retomada da etapa"},{"ancestorTitles":["Intent Router — FAQ"],"duration":2,"failureDetails":[],"failureMessages":[],"fullName":"Intent Router — FAQ pergunta tempo de entrega → retorna tempo real","invocations":1,"location":null,"numPassingAsserts":2,"retryReasons":[],"status":"passed","title":"pergunta tempo de entrega → retorna tempo real"},{"ancestorTitles":["Intent Router — Reclamação de Fluxo"],"duration":3,"failureDetails":[],"failureMessages":[],"fullName":"Intent Router — Reclamação de Fluxo \"sim mas eu não falei o troco\" com Dinheiro sem troco → redireciona","invocations":1,"location":null,"numPassingAsserts":4,"retryReasons":[],"status":"passed","title":"\"sim mas eu não falei o troco\" com Dinheiro sem troco → redireciona"},{"ancestorTitles":["Intent Router — Reclamação de Fluxo"],"duration":2,"failureDetails":[],"failureMessages":[],"fullName":"Intent Router — Reclamação de Fluxo \"ok mas não disse o endereço\" com delivery → redireciona","invocations":1,"location":null,"numPassingAsserts":3,"retryReasons":[],"status":"passed","title":"\"ok mas não disse o endereço\" com delivery → redireciona"},{"ancestorTitles":["Intent Router — Reclamação de Fluxo"],"duration":1,"failureDetails":[],"failureMessages":[],"fullName":"Intent Router — Reclamação de Fluxo \"sim mas eu não escolhi a forma de pagamento\" → redireciona","invocations":1,"location":null,"numPassingAsserts":3,"retryReasons":[],"status":"passed","title":"\"sim mas eu não escolhi a forma de pagamento\" → redireciona"},{"ancestorTitles":["Intent Router — Reclamação de Fluxo"],"duration":2,"failureDetails":[],"failureMessages":[],"fullName":"Intent Router — Reclamação de Fluxo mensagem normal sem \"mas não falei\" → NÃO é reclamação","invocations":1,"location":null,"numPassingAsserts":1,"retryReasons":[],"status":"passed","title":"mensagem normal sem \"mas não falei\" → NÃO é reclamação"},{"ancestorTitles":["Intent Router — Falar com Humano"],"duration":3,"failureDetails":[],"failureMessages":[],"fullName":"Intent Router — Falar com Humano \"quero falar com um atendente\" → detecta","invocations":1,"location":null,"numPassingAsserts":3,"retryReasons":[],"status":"passed","title":"\"quero falar com um atendente\" → detecta"},{"ancestorTitles":["Intent Router — Falar com Humano"],"duration":1,"failureDetails":[],"failureMessages":[],"fullName":"Intent Router — Falar com Humano \"chamar gerente\" → detecta","invocations":1,"location":null,"numPassingAsserts":2,"retryReasons":[],"status":"passed","title":"\"chamar gerente\" → detecta"},{"ancestorTitles":["Intent Router — Passthrough"],"duration":3,"failureDetails":[],"failureMessages":[],"fullName":"Intent Router — Passthrough \"frango e linguiça\" → null (vai pro handler)","invocations":1,"location":null,"numPassingAsserts":1,"retryReasons":[],"status":"passed","title":"\"frango e linguiça\" → null (vai pro handler)"},{"ancestorTitles":["Intent Router — Passthrough"],"duration":1,"failureDetails":[],"failureMessages":[],"fullName":"Intent Router — Passthrough \"grande\" → null","invocations":1,"location":null,"numPassingAsserts":1,"retryReasons":[],"status":"passed","title":"\"grande\" → null"},{"ancestorTitles":["Intent Router — Passthrough"],"duration":1,"failureDetails":[],"failureMessages":[],"fullName":"Intent Router — Passthrough \"sim\" → null","invocations":1,"location":null,"numPassingAsserts":1,"retryReasons":[],"status":"passed","title":"\"sim\" → null"},{"ancestorTitles":["Intent Router — Passthrough"],"duration":1,"failureDetails":[],"failureMessages":[],"fullName":"Intent Router — Passthrough \"dinheiro troco pra 50\" → null","invocations":1,"location":null,"numPassingAsserts":1,"retryReasons":[],"status":"passed","title":"\"dinheiro troco pra 50\" → null"},{"ancestorTitles":["Intent Router — Correção de Quantidade"],"duration":6,"failureDetails":[],"failureMessages":[],"fullName":"Intent Router — Correção de Quantidade \"são 3 marmitas\" em AGUARDANDO_TIPO → adiciona 2 marmitas","invocations":1,"location":null,"numPassingAsserts":4,"retryReasons":[],"status":"passed","title":"\"são 3 marmitas\" em AGUARDANDO_TIPO → adiciona 2 marmitas"},{"ancestorTitles":["Intent Router — Correção de Quantidade"],"duration":10,"failureDetails":[],"failureMessages":[],"fullName":"Intent Router — Correção de Quantidade \"falei que são 3 grandes\" em CONFIRMANDO → ajusta quantidade","invocations":1,"location":null,"numPassingAsserts":3,"retryReasons":[],"status":"passed","title":"\"falei que são 3 grandes\" em CONFIRMANDO → ajusta quantidade"},{"ancestorTitles":["Intent Router — Correção de Quantidade"],"duration":0,"failureDetails":[],"failureMessages":[],"fullName":"Intent Router — Correção de Quantidade \"são 3 marmitas\" em MONTANDO_PROTEINA → null (dentro da montagem)","invocations":1,"location":null,"numPassingAsserts":1,"retryReasons":[],"status":"passed","title":"\"são 3 marmitas\" em MONTANDO_PROTEINA → null (dentro da montagem)"},{"ancestorTitles":["Intent Router — Correção de Quantidade"],"duration":0,"failureDetails":[],"failureMessages":[],"fullName":"Intent Router — Correção de Quantidade quantidade igual → null (não precisa corrigir)","invocations":1,"location":null,"numPassingAsserts":1,"retryReasons":[],"status":"passed","title":"quantidade igual → null (não precisa corrigir)"},{"ancestorTitles":["Intent Router — Correção de Quantidade"],"duration":2,"failureDetails":[],"failureMessages":[],"fullName":"Intent Router — Correção de Quantidade \"quero 2 grandes\" em AGUARDANDO_TIPO → duplica com deep copy","invocations":1,"location":null,"numPassingAsserts":3,"retryReasons":[],"status":"passed","title":"\"quero 2 grandes\" em AGUARDANDO_TIPO → duplica com deep copy"},{"ancestorTitles":["detectCancel"],"duration":1,"failureDetails":[],"failureMessages":[],"fullName":"detectCancel \"cancela\" primeira vez → pede confirmação","invocations":1,"location":null,"numPassingAsserts":4,"retryReasons":[],"status":"passed","title":"\"cancela\" primeira vez → pede confirmação"},{"ancestorTitles":["detectCancel"],"duration":17,"failureDetails":[],"failureMessages":[],"fullName":"detectCancel \"cancelar\" segunda vez → confirma cancelamento","invocations":1,"location":null,"numPassingAsserts":4,"retryReasons":[],"status":"passed","title":"\"cancelar\" segunda vez → confirma cancelamento"},{"ancestorTitles":["detectCancel"],"duration":1,"failureDetails":[],"failureMessages":[],"fullName":"detectCancel \"desisti\" → trata como cancelamento","invocations":1,"location":null,"numPassingAsserts":2,"retryReasons":[],"status":"passed","title":"\"desisti\" → trata como cancelamento"},{"ancestorTitles":["detectCancel"],"duration":1,"failureDetails":[],"failureMessages":[],"fullName":"detectCancel \"não quero mais\" → trata como cancelamento","invocations":1,"location":null,"numPassingAsserts":2,"retryReasons":[],"status":"passed","title":"\"não quero mais\" → trata como cancelamento"},{"ancestorTitles":["detectCancel"],"duration":3,"failureDetails":[],"failureMessages":[],"fullName":"detectCancel \"arroz e feijão\" → não é cancelamento (null)","invocations":1,"location":null,"numPassingAsserts":1,"retryReasons":[],"status":"passed","title":"\"arroz e feijão\" → não é cancelamento (null)"},{"ancestorTitles":["detectFrustration"],"duration":3,"failureDetails":[],"failureMessages":[],"fullName":"detectFrustration \"aff que chato\" → FRUSTRATION","invocations":1,"location":null,"numPassingAsserts":3,"retryReasons":[],"status":"passed","title":"\"aff que chato\" → FRUSTRATION"},{"ancestorTitles":["detectFrustration"],"duration":4,"failureDetails":[],"failureMessages":[],"fullName":"detectFrustration \"que chato\" → FRUSTRATION","invocations":1,"location":null,"numPassingAsserts":2,"retryReasons":[],"status":"passed","title":"\"que chato\" → FRUSTRATION"},{"ancestorTitles":["detectFrustration"],"duration":1,"failureDetails":[],"failureMessages":[],"fullName":"detectFrustration \"impossível\" → FRUSTRATION","invocations":1,"location":null,"numPassingAsserts":2,"retryReasons":[],"status":"passed","title":"\"impossível\" → FRUSTRATION"},{"ancestorTitles":["detectFrustration"],"duration":1,"failureDetails":[],"failureMessages":[],"fullName":"detectFrustration \"???\" → FRUSTRATION","invocations":1,"location":null,"numPassingAsserts":2,"retryReasons":[],"status":"passed","title":"\"???\" → FRUSTRATION"},{"ancestorTitles":["detectFrustration"],"duration":2,"failureDetails":[],"failureMessages":[],"fullName":"detectFrustration FRUSTRATION inclui retomada do fluxo","invocations":1,"location":null,"numPassingAsserts":2,"retryReasons":[],"status":"passed","title":"FRUSTRATION inclui retomada do fluxo"},{"ancestorTitles":["detectRestart"],"duration":1,"failureDetails":[],"failureMessages":[],"fullName":"detectRestart \"deixa quieto\" → RESTART","invocations":1,"location":null,"numPassingAsserts":4,"retryReasons":[],"status":"passed","title":"\"deixa quieto\" → RESTART"},{"ancestorTitles":["detectRestart"],"duration":0,"failureDetails":[],"failureMessages":[],"fullName":"detectRestart \"esquece\" → RESTART","invocations":1,"location":null,"numPassingAsserts":2,"retryReasons":[],"status":"passed","title":"\"esquece\" → RESTART"},{"ancestorTitles":["detectRestart"],"duration":1,"failureDetails":[],"failureMessages":[],"fullName":"detectRestart \"começa de novo\" → RESTART","invocations":1,"location":null,"numPassingAsserts":2,"retryReasons":[],"status":"passed","title":"\"começa de novo\" → RESTART"},{"ancestorTitles":["detectRestart"],"duration":0,"failureDetails":[],"failureMessages":[],"fullName":"detectRestart \"novo pedido\" → RESTART","invocations":1,"location":null,"numPassingAsserts":2,"retryReasons":[],"status":"passed","title":"\"novo pedido\" → RESTART"},{"ancestorTitles":["detectRestart"],"duration":0,"failureDetails":[],"failureMessages":[],"fullName":"detectRestart RESTART reseta _loopCount","invocations":1,"location":null,"numPassingAsserts":1,"retryReasons":[],"status":"passed","title":"RESTART reseta _loopCount"},{"ancestorTitles":["Intent Router — ASK_SUMMARY"],"duration":1,"failureDetails":[],"failureMessages":[],"fullName":"Intent Router — ASK_SUMMARY \"não está completo\" → ASK_SUMMARY","invocations":1,"location":null,"numPassingAsserts":2,"retryReasons":[],"status":"passed","title":"\"não está completo\" → ASK_SUMMARY"},{"ancestorTitles":["Intent Router — ASK_SUMMARY"],"duration":0,"failureDetails":[],"failureMessages":[],"fullName":"Intent Router — ASK_SUMMARY \"nao esta completo\" → ASK_SUMMARY","invocations":1,"location":null,"numPassingAsserts":2,"retryReasons":[],"status":"passed","title":"\"nao esta completo\" → ASK_SUMMARY"},{"ancestorTitles":["Intent Router — ASK_SUMMARY"],"duration":1,"failureDetails":[],"failureMessages":[],"fullName":"Intent Router — ASK_SUMMARY \"cadê as quantidades?\" → ASK_SUMMARY","invocations":1,"location":null,"numPassingAsserts":2,"retryReasons":[],"status":"passed","title":"\"cadê as quantidades?\" → ASK_SUMMARY"},{"ancestorTitles":["Intent Router — ASK_SUMMARY"],"duration":1,"failureDetails":[],"failureMessages":[],"fullName":"Intent Router — ASK_SUMMARY \"cadê a quantidade\" → ASK_SUMMARY","invocations":1,"location":null,"numPassingAsserts":2,"retryReasons":[],"status":"passed","title":"\"cadê a quantidade\" → ASK_SUMMARY"},{"ancestorTitles":["Intent Router — ASK_SUMMARY"],"duration":3,"failureDetails":[],"failureMessages":[],"fullName":"Intent Router — ASK_SUMMARY \"quero o pedido completo\" → ASK_SUMMARY","invocations":1,"location":null,"numPassingAsserts":2,"retryReasons":[],"status":"passed","title":"\"quero o pedido completo\" → ASK_SUMMARY"},{"ancestorTitles":["Intent Router — ASK_SUMMARY"],"duration":1,"failureDetails":[],"failureMessages":[],"fullName":"Intent Router — ASK_SUMMARY \"pedido completo\" → ASK_SUMMARY","invocations":1,"location":null,"numPassingAsserts":2,"retryReasons":[],"status":"passed","title":"\"pedido completo\" → ASK_SUMMARY"},{"ancestorTitles":["Intent Router — ASK_SUMMARY"],"duration":5,"failureDetails":[],"failureMessages":[],"fullName":"Intent Router — ASK_SUMMARY \"faltou item\" → ASK_SUMMARY","invocations":1,"location":null,"numPassingAsserts":2,"retryReasons":[],"status":"passed","title":"\"faltou item\" → ASK_SUMMARY"},{"ancestorTitles":["Intent Router — ASK_SUMMARY"],"duration":1,"failureDetails":[],"failureMessages":[],"fullName":"Intent Router — ASK_SUMMARY \"faltou marmita\" → ASK_SUMMARY","invocations":1,"location":null,"numPassingAsserts":2,"retryReasons":[],"status":"passed","title":"\"faltou marmita\" → ASK_SUMMARY"},{"ancestorTitles":["Intent Router — ASK_SUMMARY"],"duration":2,"failureDetails":[],"failureMessages":[],"fullName":"Intent Router — ASK_SUMMARY \"está faltando\" → ASK_SUMMARY","invocations":1,"location":null,"numPassingAsserts":2,"retryReasons":[],"status":"passed","title":"\"está faltando\" → ASK_SUMMARY"},{"ancestorTitles":["Intent Router — ASK_SUMMARY"],"duration":0,"failureDetails":[],"failureMessages":[],"fullName":"Intent Router — ASK_SUMMARY \"faltou o bairro\" NÃO é ASK_SUMMARY","invocations":1,"location":null,"numPassingAsserts":1,"retryReasons":[],"status":"passed","title":"\"faltou o bairro\" NÃO é ASK_SUMMARY"},{"ancestorTitles":["Intent Router — ASK_SUMMARY"],"duration":0,"failureDetails":[],"failureMessages":[],"fullName":"Intent Router — ASK_SUMMARY \"mostra tudo\" → ASK_SUMMARY","invocations":1,"location":null,"numPassingAsserts":2,"retryReasons":[],"status":"passed","title":"\"mostra tudo\" → ASK_SUMMARY"},{"ancestorTitles":["Intent Router — ASK_SUMMARY"],"duration":1,"failureDetails":[],"failureMessages":[],"fullName":"Intent Router — ASK_SUMMARY ASK_SUMMARY sem itens → responde que não tem pedido","invocations":1,"location":null,"numPassingAsserts":3,"retryReasons":[],"status":"passed","title":"ASK_SUMMARY sem itens → responde que não tem pedido"},{"ancestorTitles":["Intent Router — ASK_SUMMARY"],"duration":1,"failureDetails":[],"failureMessages":[],"fullName":"Intent Router — ASK_SUMMARY ASK_SUMMARY em FINALIZADO → retorna null (handlePosPedido responde)","invocations":1,"location":null,"numPassingAsserts":1,"retryReasons":[],"status":"passed","title":"ASK_SUMMARY em FINALIZADO → retorna null (handlePosPedido responde)"},{"ancestorTitles":["Intent Router — ASK_SUMMARY"],"duration":1,"failureDetails":[],"failureMessages":[],"fullName":"Intent Router — ASK_SUMMARY \"não mostrou as saladas pq?\" NÃO é ASK_SUMMARY (pergunta sobre opções)","invocations":1,"location":null,"numPassingAsserts":1,"retryReasons":[],"status":"passed","title":"\"não mostrou as saladas pq?\" NÃO é ASK_SUMMARY (pergunta sobre opções)"},{"ancestorTitles":["Intent Router — ASK_SUMMARY"],"duration":1,"failureDetails":[],"failureMessages":[],"fullName":"Intent Router — ASK_SUMMARY \"por que não listou as opções?\" NÃO é ASK_SUMMARY","invocations":1,"location":null,"numPassingAsserts":1,"retryReasons":[],"status":"passed","title":"\"por que não listou as opções?\" NÃO é ASK_SUMMARY"},{"ancestorTitles":["Intent Router — ASK_SUMMARY"],"duration":1,"failureDetails":[],"failureMessages":[],"fullName":"Intent Router — ASK_SUMMARY \"não mostrou o resumo completo\" É ASK_SUMMARY","invocations":1,"location":null,"numPassingAsserts":2,"retryReasons":[],"status":"passed","title":"\"não mostrou o resumo completo\" É ASK_SUMMARY"},{"ancestorTitles":["Intent Router — ASK_SUMMARY"],"duration":1,"failureDetails":[],"failureMessages":[],"fullName":"Intent Router — ASK_SUMMARY \"meu pedido completo\" É ASK_SUMMARY","invocations":1,"location":null,"numPassingAsserts":2,"retryReasons":[],"status":"passed","title":"\"meu pedido completo\" É ASK_SUMMARY"}],"endTime":1774217117795,"message":"","name":"C:\\Users\\Maissistem\\Desktop\\AGENTE RESTAURANTE\\intentRouter.test.js","startTime":1774217115630,"status":"passed","summary":""},{"assertionResults":[{"ancestorTitles":["pluginManager"],"duration":19,"failureDetails":[],"failureMessages":[],"fullName":"pluginManager ✅ Carrega plugin marmitaria","invocations":1,"location":null,"numPassingAsserts":2,"retryReasons":[],"status":"passed","title":"✅ Carrega plugin marmitaria"},{"ancestorTitles":["pluginManager"],"duration":1,"failureDetails":[],"failureMessages":[],"fullName":"pluginManager ✅ Carrega plugin pizzaria","invocations":1,"location":null,"numPassingAsserts":2,"retryReasons":[],"status":"passed","title":"✅ Carrega plugin pizzaria"},{"ancestorTitles":["pluginManager"],"duration":1,"failureDetails":[],"failureMessages":[],"fullName":"pluginManager ✅ Carrega plugin acougue","invocations":1,"location":null,"numPassingAsserts":2,"retryReasons":[],"status":"passed","title":"✅ Carrega plugin acougue"},{"ancestorTitles":["pluginManager"],"duration":2,"failureDetails":[],"failureMessages":[],"fullName":"pluginManager ✅ Carrega plugin lanchonete","invocations":1,"location":null,"numPassingAsserts":2,"retryReasons":[],"status":"passed","title":"✅ Carrega plugin lanchonete"},{"ancestorTitles":["pluginManager"],"duration":21,"failureDetails":[],"failureMessages":[],"fullName":"pluginManager ❌ Plugin inexistente retorna null","invocations":1,"location":null,"numPassingAsserts":1,"retryReasons":[],"status":"passed","title":"❌ Plugin inexistente retorna null"},{"ancestorTitles":["pluginManager"],"duration":1,"failureDetails":[],"failureMessages":[],"fullName":"pluginManager ❌ null retorna null","invocations":1,"location":null,"numPassingAsserts":2,"retryReasons":[],"status":"passed","title":"❌ null retorna null"},{"ancestorTitles":["pluginManager"],"duration":1,"failureDetails":[],"failureMessages":[],"fullName":"pluginManager ✅ Cache — segundo load não faz require","invocations":1,"location":null,"numPassingAsserts":1,"retryReasons":[],"status":"passed","title":"✅ Cache — segundo load não faz require"},{"ancestorTitles":["pluginManager"],"duration":0,"failureDetails":[],"failureMessages":[],"fullName":"pluginManager ✅ clearCache limpa cache","invocations":1,"location":null,"numPassingAsserts":1,"retryReasons":[],"status":"passed","title":"✅ clearCache limpa cache"},{"ancestorTitles":["pluginManager"],"duration":3,"failureDetails":[],"failureMessages":[],"fullName":"pluginManager ✅ listAvailablePlugins retorna plugins existentes","invocations":1,"location":null,"numPassingAsserts":4,"retryReasons":[],"status":"passed","title":"✅ listAvailablePlugins retorna plugins existentes"},{"ancestorTitles":["pluginManager"],"duration":17,"failureDetails":[],"failureMessages":[],"fullName":"pluginManager ✅ Todos os plugins implementam interface obrigatória","invocations":1,"location":null,"numPassingAsserts":36,"retryReasons":[],"status":"passed","title":"✅ Todos os plugins implementam interface obrigatória"},{"ancestorTitles":["pluginManager"],"duration":2,"failureDetails":[],"failureMessages":[],"fullName":"pluginManager ✅ getDefaultCardapio retorna cardápio do nicho correto (não marmitaria)","invocations":1,"location":null,"numPassingAsserts":6,"retryReasons":[],"status":"passed","title":"✅ getDefaultCardapio retorna cardápio do nicho correto (não marmitaria)"},{"ancestorTitles":["plugin marmitaria"],"duration":1,"failureDetails":[],"failureMessages":[],"fullName":"plugin marmitaria ✅ getFlowSteps retorna etapas corretas","invocations":1,"location":null,"numPassingAsserts":3,"retryReasons":[],"status":"passed","title":"✅ getFlowSteps retorna etapas corretas"},{"ancestorTitles":["plugin marmitaria"],"duration":1,"failureDetails":[],"failureMessages":[],"fullName":"plugin marmitaria ✅ getDefaultCardapio tem proteínas","invocations":1,"location":null,"numPassingAsserts":2,"retryReasons":[],"status":"passed","title":"✅ getDefaultCardapio tem proteínas"},{"ancestorTitles":["plugin marmitaria"],"duration":10,"failureDetails":[],"failureMessages":[],"fullName":"plugin marmitaria ✅ handleStep MONTANDO_TAMANHO — grande","invocations":1,"location":null,"numPassingAsserts":2,"retryReasons":[],"status":"passed","title":"✅ handleStep MONTANDO_TAMANHO — grande"},{"ancestorTitles":["plugin marmitaria"],"duration":1,"failureDetails":[],"failureMessages":[],"fullName":"plugin marmitaria ✅ handleStep etapa desconhecida retorna null","invocations":1,"location":null,"numPassingAsserts":1,"retryReasons":[],"status":"passed","title":"✅ handleStep etapa desconhecida retorna null"},{"ancestorTitles":["plugin marmitaria"],"duration":2,"failureDetails":[],"failureMessages":[],"fullName":"plugin marmitaria ✅ buildFastTrackItem monta marmita válida","invocations":1,"location":null,"numPassingAsserts":3,"retryReasons":[],"status":"passed","title":"✅ buildFastTrackItem monta marmita válida"},{"ancestorTitles":["plugin marmitaria"],"duration":1,"failureDetails":[],"failureMessages":[],"fullName":"plugin marmitaria ❌ buildFastTrackItem rejeita itens inválidos","invocations":1,"location":null,"numPassingAsserts":1,"retryReasons":[],"status":"passed","title":"❌ buildFastTrackItem rejeita itens inválidos"},{"ancestorTitles":["plugin marmitaria"],"duration":1,"failureDetails":[],"failureMessages":[],"fullName":"plugin marmitaria ✅ validateItem — marmita válida","invocations":1,"location":null,"numPassingAsserts":1,"retryReasons":[],"status":"passed","title":"✅ validateItem — marmita válida"},{"ancestorTitles":["plugin marmitaria"],"duration":0,"failureDetails":[],"failureMessages":[],"fullName":"plugin marmitaria ❌ validateItem — marmita sem proteína","invocations":1,"location":null,"numPassingAsserts":1,"retryReasons":[],"status":"passed","title":"❌ validateItem — marmita sem proteína"},{"ancestorTitles":["plugin marmitaria"],"duration":1,"failureDetails":[],"failureMessages":[],"fullName":"plugin marmitaria ✅ calculateItemPrice","invocations":1,"location":null,"numPassingAsserts":2,"retryReasons":[],"status":"passed","title":"✅ calculateItemPrice"},{"ancestorTitles":["plugin marmitaria"],"duration":2,"failureDetails":[],"failureMessages":[],"fullName":"plugin marmitaria ✅ formatItemForSummary contém tamanho","invocations":1,"location":null,"numPassingAsserts":2,"retryReasons":[],"status":"passed","title":"✅ formatItemForSummary contém tamanho"},{"ancestorTitles":["plugin pizzaria"],"duration":1,"failureDetails":[],"failureMessages":[],"fullName":"plugin pizzaria ✅ getFlowSteps","invocations":1,"location":null,"numPassingAsserts":3,"retryReasons":[],"status":"passed","title":"✅ getFlowSteps"},{"ancestorTitles":["plugin pizzaria"],"duration":1,"failureDetails":[],"failureMessages":[],"fullName":"plugin pizzaria ✅ getDefaultCardapio tem sabores","invocations":1,"location":null,"numPassingAsserts":2,"retryReasons":[],"status":"passed","title":"✅ getDefaultCardapio tem sabores"},{"ancestorTitles":["plugin pizzaria"],"duration":1,"failureDetails":[],"failureMessages":[],"fullName":"plugin pizzaria ✅ validateItem — pizza válida","invocations":1,"location":null,"numPassingAsserts":1,"retryReasons":[],"status":"passed","title":"✅ validateItem — pizza válida"},{"ancestorTitles":["plugin pizzaria"],"duration":0,"failureDetails":[],"failureMessages":[],"fullName":"plugin pizzaria ❌ validateItem — pizza sem sabor","invocations":1,"location":null,"numPassingAsserts":1,"retryReasons":[],"status":"passed","title":"❌ validateItem — pizza sem sabor"},{"ancestorTitles":["plugin pizzaria"],"duration":1,"failureDetails":[],"failureMessages":[],"fullName":"plugin pizzaria ✅ calculateItemPrice calcula com borda","invocations":1,"location":null,"numPassingAsserts":1,"retryReasons":[],"status":"passed","title":"✅ calculateItemPrice calcula com borda"},{"ancestorTitles":["plugin pizzaria"],"duration":1,"failureDetails":[],"failureMessages":[],"fullName":"plugin pizzaria ✅ formatItemForSummary","invocations":1,"location":null,"numPassingAsserts":3,"retryReasons":[],"status":"passed","title":"✅ formatItemForSummary"},{"ancestorTitles":["plugin acougue"],"duration":1,"failureDetails":[],"failureMessages":[],"fullName":"plugin acougue ✅ getFlowSteps","invocations":1,"location":null,"numPassingAsserts":3,"retryReasons":[],"status":"passed","title":"✅ getFlowSteps"},{"ancestorTitles":["plugin acougue"],"duration":1,"failureDetails":[],"failureMessages":[],"fullName":"plugin acougue ✅ getDefaultCardapio tem cortes","invocations":1,"location":null,"numPassingAsserts":2,"retryReasons":[],"status":"passed","title":"✅ getDefaultCardapio tem cortes"},{"ancestorTitles":["plugin acougue"],"duration":0,"failureDetails":[],"failureMessages":[],"fullName":"plugin acougue ✅ validateItem — corte válido","invocations":1,"location":null,"numPassingAsserts":1,"retryReasons":[],"status":"passed","title":"✅ validateItem — corte válido"},{"ancestorTitles":["plugin acougue"],"duration":0,"failureDetails":[],"failureMessages":[],"fullName":"plugin acougue ✅ validateItem — carne legado válida","invocations":1,"location":null,"numPassingAsserts":1,"retryReasons":[],"status":"passed","title":"✅ validateItem — carne legado válida"},{"ancestorTitles":["plugin acougue"],"duration":1,"failureDetails":[],"failureMessages":[],"fullName":"plugin acougue ❌ validateItem — corte sem quantidade","invocations":1,"location":null,"numPassingAsserts":1,"retryReasons":[],"status":"passed","title":"❌ validateItem — corte sem quantidade"},{"ancestorTitles":["plugin acougue"],"duration":1,"failureDetails":[],"failureMessages":[],"fullName":"plugin acougue ✅ calculateItemPrice calcula por kg (novo formato)","invocations":1,"location":null,"numPassingAsserts":1,"retryReasons":[],"status":"passed","title":"✅ calculateItemPrice calcula por kg (novo formato)"},{"ancestorTitles":["plugin acougue"],"duration":1,"failureDetails":[],"failureMessages":[],"fullName":"plugin acougue ✅ calculateItemPrice calcula por kg (legado)","invocations":1,"location":null,"numPassingAsserts":1,"retryReasons":[],"status":"passed","title":"✅ calculateItemPrice calcula por kg (legado)"},{"ancestorTitles":["plugin acougue"],"duration":1,"failureDetails":[],"failureMessages":[],"fullName":"plugin acougue ✅ formatItemForSummary","invocations":1,"location":null,"numPassingAsserts":3,"retryReasons":[],"status":"passed","title":"✅ formatItemForSummary"},{"ancestorTitles":["plugin lanchonete"],"duration":1,"failureDetails":[],"failureMessages":[],"fullName":"plugin lanchonete ✅ getFlowSteps","invocations":1,"location":null,"numPassingAsserts":2,"retryReasons":[],"status":"passed","title":"✅ getFlowSteps"},{"ancestorTitles":["plugin lanchonete"],"duration":1,"failureDetails":[],"failureMessages":[],"fullName":"plugin lanchonete ✅ getDefaultCardapio tem lanches","invocations":1,"location":null,"numPassingAsserts":2,"retryReasons":[],"status":"passed","title":"✅ getDefaultCardapio tem lanches"},{"ancestorTitles":["plugin lanchonete"],"duration":0,"failureDetails":[],"failureMessages":[],"fullName":"plugin lanchonete ✅ validateItem — lanche válido","invocations":1,"location":null,"numPassingAsserts":1,"retryReasons":[],"status":"passed","title":"✅ validateItem — lanche válido"},{"ancestorTitles":["plugin lanchonete"],"duration":1,"failureDetails":[],"failureMessages":[],"fullName":"plugin lanchonete ❌ validateItem — lanche sem nome","invocations":1,"location":null,"numPassingAsserts":1,"retryReasons":[],"status":"passed","title":"❌ validateItem — lanche sem nome"},{"ancestorTitles":["plugin lanchonete"],"duration":1,"failureDetails":[],"failureMessages":[],"fullName":"plugin lanchonete ✅ calculateItemPrice com adicionais","invocations":1,"location":null,"numPassingAsserts":1,"retryReasons":[],"status":"passed","title":"✅ calculateItemPrice com adicionais"},{"ancestorTitles":["plugin lanchonete"],"duration":1,"failureDetails":[],"failureMessages":[],"fullName":"plugin lanchonete ✅ formatItemForSummary","invocations":1,"location":null,"numPassingAsserts":2,"retryReasons":[],"status":"passed","title":"✅ formatItemForSummary"}],"endTime":1774217117813,"message":"","name":"C:\\Users\\Maissistem\\Desktop\\AGENTE RESTAURANTE\\plugins.test.js","startTime":1774217115615,"status":"passed","summary":""},{"assertionResults":[{"ancestorTitles":["Bug #1 — Modificação não destrói pedido"],"duration":36,"failureDetails":[],"failureMessages":[],"fullName":"Bug #1 — Modificação não destrói pedido IA retorna array vazio → items preservados","invocations":1,"location":null,"numPassingAsserts":1,"retryReasons":[],"status":"passed","title":"IA retorna array vazio → items preservados"},{"ancestorTitles":["Bug #1 — Modificação não destrói pedido"],"duration":6,"failureDetails":[],"failureMessages":[],"fullName":"Bug #1 — Modificação não destrói pedido IA retorna item com price=0 → items preservados","invocations":1,"location":null,"numPassingAsserts":1,"retryReasons":[],"status":"passed","title":"IA retorna item com price=0 → items preservados"},{"ancestorTitles":["Bug #1 — Modificação não destrói pedido"],"duration":2,"failureDetails":[],"failureMessages":[],"fullName":"Bug #1 — Modificação não destrói pedido IA retorna null → items preservados","invocations":1,"location":null,"numPassingAsserts":1,"retryReasons":[],"status":"passed","title":"IA retorna null → items preservados"},{"ancestorTitles":["Bug #3 — Troco deve ser coletado antes de avançar"],"duration":8,"failureDetails":[],"failureMessages":[],"fullName":"Bug #3 — Troco deve ser coletado antes de avançar \"não sei quanto deu\" → repete pergunta, não avança","invocations":1,"location":null,"numPassingAsserts":2,"retryReasons":[],"status":"passed","title":"\"não sei quanto deu\" → repete pergunta, não avança"},{"ancestorTitles":["Bug #3 — Troco deve ser coletado antes de avançar"],"duration":3,"failureDetails":[],"failureMessages":[],"fullName":"Bug #3 — Troco deve ser coletado antes de avançar \"troco pra 50\" → trocoPara=50, avança","invocations":1,"location":null,"numPassingAsserts":2,"retryReasons":[],"status":"passed","title":"\"troco pra 50\" → trocoPara=50, avança"},{"ancestorTitles":["Bug #3 — Troco deve ser coletado antes de avançar"],"duration":2,"failureDetails":[],"failureMessages":[],"fullName":"Bug #3 — Troco deve ser coletado antes de avançar \"não precisa de troco\" → trocoPara=0, avança","invocations":1,"location":null,"numPassingAsserts":2,"retryReasons":[],"status":"passed","title":"\"não precisa de troco\" → trocoPara=0, avança"},{"ancestorTitles":["Bug #3 — Troco deve ser coletado antes de avançar"],"duration":2,"failureDetails":[],"failureMessages":[],"fullName":"Bug #3 — Troco deve ser coletado antes de avançar \"50\" → trocoPara=50, avança","invocations":1,"location":null,"numPassingAsserts":2,"retryReasons":[],"status":"passed","title":"\"50\" → trocoPara=50, avança"},{"ancestorTitles":["Bug #6 — Loop troco escape automático"],"duration":2,"failureDetails":[],"failureMessages":[],"fullName":"Bug #6 — Loop troco escape automático após 2 tentativas sem número → assume sem troco, avança","invocations":1,"location":null,"numPassingAsserts":2,"retryReasons":[],"status":"passed","title":"após 2 tentativas sem número → assume sem troco, avança"},{"ancestorTitles":["Bug #6 — Loop troco escape automático"],"duration":2,"failureDetails":[],"failureMessages":[],"fullName":"Bug #6 — Loop troco escape automático \"sem troco\" → trocoPara=0, avança normalmente","invocations":1,"location":null,"numPassingAsserts":2,"retryReasons":[],"status":"passed","title":"\"sem troco\" → trocoPara=0, avança normalmente"},{"ancestorTitles":["Adicionar marmita em CONFIRMANDO"],"duration":6,"failureDetails":[],"failureMessages":[],"fullName":"Adicionar marmita em CONFIRMANDO \"quero adicionar mais uma marmita grande\" → volta ao fluxo, NÃO finaliza","invocations":1,"location":null,"numPassingAsserts":2,"retryReasons":[],"status":"passed","title":"\"quero adicionar mais uma marmita grande\" → volta ao fluxo, NÃO finaliza"},{"ancestorTitles":["Adicionar marmita em CONFIRMANDO"],"duration":3,"failureDetails":[],"failureMessages":[],"fullName":"Adicionar marmita em CONFIRMANDO \"adicionar outra marmita\" sem tamanho → pergunta tamanho","invocations":1,"location":null,"numPassingAsserts":2,"retryReasons":[],"status":"passed","title":"\"adicionar outra marmita\" sem tamanho → pergunta tamanho"},{"ancestorTitles":["Tipo de entrega com typo"],"duration":2,"failureDetails":[],"failureMessages":[],"fullName":"Tipo de entrega com typo \"etrega\" (typo) → reconhece como delivery","invocations":1,"location":null,"numPassingAsserts":2,"retryReasons":[],"status":"passed","title":"\"etrega\" (typo) → reconhece como delivery"},{"ancestorTitles":["FAQ no meio do fluxo"],"duration":2,"failureDetails":[],"failureMessages":[],"fullName":"FAQ no meio do fluxo pergunta horário em MONTANDO_PROTEINA → responde + contexto","invocations":1,"location":null,"numPassingAsserts":2,"retryReasons":[],"status":"passed","title":"pergunta horário em MONTANDO_PROTEINA → responde + contexto"},{"ancestorTitles":["FAQ no meio do fluxo"],"duration":1,"failureDetails":[],"failureMessages":[],"fullName":"FAQ no meio do fluxo pergunta taxa em MONTANDO_SALADA → responde + contexto","invocations":1,"location":null,"numPassingAsserts":2,"retryReasons":[],"status":"passed","title":"pergunta taxa em MONTANDO_SALADA → responde + contexto"},{"ancestorTitles":["Itens desconhecidos são ignorados sem crash"],"duration":10,"failureDetails":[],"failureMessages":[],"fullName":"Itens desconhecidos são ignorados sem crash \"alface e tomate\" → só alface (tomate não existe)","invocations":1,"location":null,"numPassingAsserts":3,"retryReasons":[],"status":"passed","title":"\"alface e tomate\" → só alface (tomate não existe)"},{"ancestorTitles":["Upsell mostra resumo completo"],"duration":4,"failureDetails":[],"failureMessages":[],"fullName":"Upsell mostra resumo completo após aceitar suco, perguntarTipo inclui extras","invocations":1,"location":null,"numPassingAsserts":3,"retryReasons":[],"status":"passed","title":"após aceitar suco, perguntarTipo inclui extras"},{"ancestorTitles":["Confirmação com modificação inline"],"duration":2,"failureDetails":[],"failureMessages":[],"fullName":"Confirmação com modificação inline \"troca o frango por carne\" NÃO finaliza pedido","invocations":1,"location":null,"numPassingAsserts":1,"retryReasons":[],"status":"passed","title":"\"troca o frango por carne\" NÃO finaliza pedido"},{"ancestorTitles":["Confirmação com modificação inline"],"duration":1,"failureDetails":[],"failureMessages":[],"fullName":"Confirmação com modificação inline \"tira a salada\" NÃO finaliza pedido","invocations":1,"location":null,"numPassingAsserts":1,"retryReasons":[],"status":"passed","title":"\"tira a salada\" NÃO finaliza pedido"},{"ancestorTitles":["Repetir marmita anterior"],"duration":4,"failureDetails":[],"failureMessages":[],"fullName":"Repetir marmita anterior \"pode ser igual a primeira\" → duplica marmitas restantes, avança para upsell","invocations":1,"location":null,"numPassingAsserts":4,"retryReasons":[],"status":"passed","title":"\"pode ser igual a primeira\" → duplica marmitas restantes, avança para upsell"},{"ancestorTitles":["Repetir marmita anterior"],"duration":2,"failureDetails":[],"failureMessages":[],"fullName":"Repetir marmita anterior \"mesmo pedido\" → duplica 1 marmita (2 de 2)","invocations":1,"location":null,"numPassingAsserts":2,"retryReasons":[],"status":"passed","title":"\"mesmo pedido\" → duplica 1 marmita (2 de 2)"},{"ancestorTitles":["Repetir marmita anterior"],"duration":1,"failureDetails":[],"failureMessages":[],"fullName":"Repetir marmita anterior \"de novo\" sem marmita anterior → pede tamanho normal","invocations":1,"location":null,"numPassingAsserts":1,"retryReasons":[],"status":"passed","title":"\"de novo\" sem marmita anterior → pede tamanho normal"},{"ancestorTitles":["Montagem usa _skipHumanize"],"duration":5,"failureDetails":[],"failureMessages":[],"fullName":"Montagem usa _skipHumanize handleProteina → resposta tem _skipHumanize","invocations":1,"location":null,"numPassingAsserts":2,"retryReasons":[],"status":"passed","title":"handleProteina → resposta tem _skipHumanize"},{"ancestorTitles":["Montagem usa _skipHumanize"],"duration":4,"failureDetails":[],"failureMessages":[],"fullName":"Montagem usa _skipHumanize handleAcompanhamento → resposta tem _skipHumanize","invocations":1,"location":null,"numPassingAsserts":2,"retryReasons":[],"status":"passed","title":"handleAcompanhamento → resposta tem _skipHumanize"},{"ancestorTitles":["Montagem usa _skipHumanize"],"duration":5,"failureDetails":[],"failureMessages":[],"fullName":"Montagem usa _skipHumanize handleSalada → resposta tem _skipHumanize","invocations":1,"location":null,"numPassingAsserts":1,"retryReasons":[],"status":"passed","title":"handleSalada → resposta tem _skipHumanize"},{"ancestorTitles":["Intent Router — Reclamação de fluxo via process"],"duration":2,"failureDetails":[],"failureMessages":[],"fullName":"Intent Router — Reclamação de fluxo via process \"sim mas eu não falei o troco\" com Dinheiro → redireciona para troco","invocations":1,"location":null,"numPassingAsserts":2,"retryReasons":[],"status":"passed","title":"\"sim mas eu não falei o troco\" com Dinheiro → redireciona para troco"},{"ancestorTitles":["Intent Router — Reclamação de fluxo via process"],"duration":2,"failureDetails":[],"failureMessages":[],"fullName":"Intent Router — Reclamação de fluxo via process \"ok mas eu nao informei o endereço\" → redireciona para endereço","invocations":1,"location":null,"numPassingAsserts":1,"retryReasons":[],"status":"passed","title":"\"ok mas eu nao informei o endereço\" → redireciona para endereço"},{"ancestorTitles":["Intent Router — Reclamação de fluxo via process"],"duration":4,"failureDetails":[],"failureMessages":[],"fullName":"Intent Router — Reclamação de fluxo via process falar com humano → detecta","invocations":1,"location":null,"numPassingAsserts":2,"retryReasons":[],"status":"passed","title":"falar com humano → detecta"},{"ancestorTitles":["RAG FAQ — Dados dinâmicos via process"],"duration":2,"failureDetails":[],"failureMessages":[],"fullName":"RAG FAQ — Dados dinâmicos via process horário → usa dados reais da empresa","invocations":1,"location":null,"numPassingAsserts":2,"retryReasons":[],"status":"passed","title":"horário → usa dados reais da empresa"},{"ancestorTitles":["RAG FAQ — Dados dinâmicos via process"],"duration":1,"failureDetails":[],"failureMessages":[],"fullName":"RAG FAQ — Dados dinâmicos via process taxa → usa delivery_fee real","invocations":1,"location":null,"numPassingAsserts":2,"retryReasons":[],"status":"passed","title":"taxa → usa delivery_fee real"},{"ancestorTitles":["RAG FAQ — Dados dinâmicos via process"],"duration":1,"failureDetails":[],"failureMessages":[],"fullName":"RAG FAQ — Dados dinâmicos via process tempo de entrega → usa estimated_time","invocations":1,"location":null,"numPassingAsserts":1,"retryReasons":[],"status":"passed","title":"tempo de entrega → usa estimated_time"},{"ancestorTitles":["Correção de quantidade via process"],"duration":7,"failureDetails":[],"failureMessages":[],"fullName":"Correção de quantidade via process \"são 3 marmitas grandes\" em AGUARDANDO_TIPO → adiciona marmitas e re-pergunta tipo","invocations":1,"location":null,"numPassingAsserts":3,"retryReasons":[],"status":"passed","title":"\"são 3 marmitas grandes\" em AGUARDANDO_TIPO → adiciona marmitas e re-pergunta tipo"},{"ancestorTitles":["Correção de quantidade via process"],"duration":2,"failureDetails":[],"failureMessages":[],"fullName":"Correção de quantidade via process \"pedi 2 marmitas\" em CONFIRMANDO → ajusta e refaz resumo","invocations":1,"location":null,"numPassingAsserts":2,"retryReasons":[],"status":"passed","title":"\"pedi 2 marmitas\" em CONFIRMANDO → ajusta e refaz resumo"},{"ancestorTitles":["handleTamanho _skipHumanize"],"duration":2,"failureDetails":[],"failureMessages":[],"fullName":"handleTamanho _skipHumanize pedirProteina retorna _skipHumanize","invocations":1,"location":null,"numPassingAsserts":2,"retryReasons":[],"status":"passed","title":"pedirProteina retorna _skipHumanize"},{"ancestorTitles":["handleTamanho _skipHumanize"],"duration":1,"failureDetails":[],"failureMessages":[],"fullName":"handleTamanho _skipHumanize tamanhoNaoEntendido retorna _skipHumanize","invocations":1,"location":null,"numPassingAsserts":2,"retryReasons":[],"status":"passed","title":"tamanhoNaoEntendido retorna _skipHumanize"},{"ancestorTitles":["handleProteina skip paths _skipHumanize"],"duration":1,"failureDetails":[],"failureMessages":[],"fullName":"handleProteina skip paths _skipHumanize \"nao quero\" pula proteína com _skipHumanize","invocations":1,"location":null,"numPassingAsserts":2,"retryReasons":[],"status":"passed","title":"\"nao quero\" pula proteína com _skipHumanize"},{"ancestorTitles":["handleProteina skip paths _skipHumanize"],"duration":3,"failureDetails":[],"failureMessages":[],"fullName":"handleProteina skip paths _skipHumanize proteínaNaoEntendida retorna _skipHumanize","invocations":1,"location":null,"numPassingAsserts":1,"retryReasons":[],"status":"passed","title":"proteínaNaoEntendida retorna _skipHumanize"},{"ancestorTitles":["Repeat detection \"igual a primeira\""],"duration":2,"failureDetails":[],"failureMessages":[],"fullName":"Repeat detection \"igual a primeira\" \"pode ser igual a primeira\" duplica marmita sem chamar fast-track","invocations":1,"location":null,"numPassingAsserts":4,"retryReasons":[],"status":"passed","title":"\"pode ser igual a primeira\" duplica marmita sem chamar fast-track"},{"ancestorTitles":["Upsell frustration edge case"],"duration":1,"failureDetails":[],"failureMessages":[],"fullName":"Upsell frustration edge case \"de novo?\" no upsell vai direto para AGUARDANDO_TIPO","invocations":1,"location":null,"numPassingAsserts":2,"retryReasons":[],"status":"passed","title":"\"de novo?\" no upsell vai direto para AGUARDANDO_TIPO"},{"ancestorTitles":["Upsell frustration edge case"],"duration":1,"failureDetails":[],"failureMessages":[],"fullName":"Upsell frustration edge case \"hein?\" no upsell vai direto para AGUARDANDO_TIPO","invocations":1,"location":null,"numPassingAsserts":2,"retryReasons":[],"status":"passed","title":"\"hein?\" no upsell vai direto para AGUARDANDO_TIPO"},{"ancestorTitles":["Upsell frustration edge case"],"duration":2,"failureDetails":[],"failureMessages":[],"fullName":"Upsell frustration edge case \"suco sim\" NÃO é tratado como frustração","invocations":1,"location":null,"numPassingAsserts":1,"retryReasons":[],"status":"passed","title":"\"suco sim\" NÃO é tratado como frustração"},{"ancestorTitles":["_loopCount — escape mechanism"],"duration":3,"failureDetails":[],"failureMessages":[],"fullName":"_loopCount — escape mechanism handleAcompanhamento 1ª falha → repete pergunta mais simples","invocations":1,"location":null,"numPassingAsserts":3,"retryReasons":[],"status":"passed","title":"handleAcompanhamento 1ª falha → repete pergunta mais simples"},{"ancestorTitles":["_loopCount — escape mechanism"],"duration":6,"failureDetails":[],"failureMessages":[],"fullName":"_loopCount — escape mechanism handleAcompanhamento 2ª falha → avança sem acompanhamento","invocations":1,"location":null,"numPassingAsserts":3,"retryReasons":[],"status":"passed","title":"handleAcompanhamento 2ª falha → avança sem acompanhamento"},{"ancestorTitles":["_loopCount — escape mechanism"],"duration":2,"failureDetails":[],"failureMessages":[],"fullName":"_loopCount — escape mechanism handleProteina 2ª falha → avança sem proteína","invocations":1,"location":null,"numPassingAsserts":3,"retryReasons":[],"status":"passed","title":"handleProteina 2ª falha → avança sem proteína"},{"ancestorTitles":["_loopCount — escape mechanism"],"duration":2,"failureDetails":[],"failureMessages":[],"fullName":"_loopCount — escape mechanism handleSalada 2ª falha → avança para upsell","invocations":1,"location":null,"numPassingAsserts":2,"retryReasons":[],"status":"passed","title":"handleSalada 2ª falha → avança para upsell"},{"ancestorTitles":["_loopCount — escape mechanism"],"duration":4,"failureDetails":[],"failureMessages":[],"fullName":"_loopCount — escape mechanism _loopCount reseta ao avançar com sucesso","invocations":1,"location":null,"numPassingAsserts":2,"retryReasons":[],"status":"passed","title":"_loopCount reseta ao avançar com sucesso"},{"ancestorTitles":["Intent Router via process"],"duration":1,"failureDetails":[],"failureMessages":[],"fullName":"Intent Router via process \"cancela\" em qualquer etapa → pede confirmação","invocations":1,"location":null,"numPassingAsserts":2,"retryReasons":[],"status":"passed","title":"\"cancela\" em qualquer etapa → pede confirmação"},{"ancestorTitles":["Intent Router via process"],"duration":1,"failureDetails":[],"failureMessages":[],"fullName":"Intent Router via process \"aff que chato\" → desculpa + retomada","invocations":1,"location":null,"numPassingAsserts":2,"retryReasons":[],"status":"passed","title":"\"aff que chato\" → desculpa + retomada"},{"ancestorTitles":["Intent Router via process"],"duration":2,"failureDetails":[],"failureMessages":[],"fullName":"Intent Router via process \"deixa quieto\" → restart do pedido","invocations":1,"location":null,"numPassingAsserts":3,"retryReasons":[],"status":"passed","title":"\"deixa quieto\" → restart do pedido"},{"ancestorTitles":["Intent Router via process"],"duration":1,"failureDetails":[],"failureMessages":[],"fullName":"Intent Router via process \"posso retirar?\" → FAQ respondida + retomada","invocations":1,"location":null,"numPassingAsserts":3,"retryReasons":[],"status":"passed","title":"\"posso retirar?\" → FAQ respondida + retomada"},{"ancestorTitles":["Fast Track — Fluxo de Grupos"],"duration":4,"failureDetails":[],"failureMessages":[],"fullName":"Fast Track — Fluxo de Grupos handleProteina com grupos avança para próximo grupo","invocations":1,"location":null,"numPassingAsserts":4,"retryReasons":[],"status":"passed","title":"handleProteina com grupos avança para próximo grupo"},{"ancestorTitles":["Fast Track — Fluxo de Grupos"],"duration":2,"failureDetails":[],"failureMessages":[],"fullName":"Fast Track — Fluxo de Grupos handleProteina último grupo vai para acompanhamento","invocations":1,"location":null,"numPassingAsserts":3,"retryReasons":[],"status":"passed","title":"handleProteina último grupo vai para acompanhamento"},{"ancestorTitles":["Fast Track — Fluxo de Grupos"],"duration":1,"failureDetails":[],"failureMessages":[],"fullName":"Fast Track — Fluxo de Grupos handleAcompanhamento com grupos avança para próximo grupo","invocations":1,"location":null,"numPassingAsserts":3,"retryReasons":[],"status":"passed","title":"handleAcompanhamento com grupos avança para próximo grupo"},{"ancestorTitles":["Fast Track — Fluxo de Grupos"],"duration":3,"failureDetails":[],"failureMessages":[],"fullName":"Fast Track — Fluxo de Grupos handleSalada expande grupos em itens no final","invocations":1,"location":null,"numPassingAsserts":4,"retryReasons":[],"status":"passed","title":"handleSalada expande grupos em itens no final"},{"ancestorTitles":["Fast Track — Fluxo de Grupos"],"duration":2,"failureDetails":[],"failureMessages":[],"fullName":"Fast Track — Fluxo de Grupos múltiplos grupos expandem corretamente (3 grandes + 1 pequena = 4 itens)","invocations":1,"location":null,"numPassingAsserts":4,"retryReasons":[],"status":"passed","title":"múltiplos grupos expandem corretamente (3 grandes + 1 pequena = 4 itens)"},{"ancestorTitles":["Fast Track — Fluxo de Grupos"],"duration":2,"failureDetails":[],"failureMessages":[],"fullName":"Fast Track — Fluxo de Grupos label do grupo mostra quantidade correta","invocations":1,"location":null,"numPassingAsserts":1,"retryReasons":[],"status":"passed","title":"label do grupo mostra quantidade correta"},{"ancestorTitles":["Fast Track — Fluxo de Grupos"],"duration":3,"failureDetails":[],"failureMessages":[],"fullName":"Fast Track — Fluxo de Grupos pular proteína com \"não quero\" funciona em grupos","invocations":1,"location":null,"numPassingAsserts":2,"retryReasons":[],"status":"passed","title":"pular proteína com \"não quero\" funciona em grupos"},{"ancestorTitles":["resolverProximaEtapa — Decisão dinâmica"],"duration":9,"failureDetails":[],"failureMessages":[],"fullName":"resolverProximaEtapa — Decisão dinâmica estado com grupos incompletos retorna etapa correta","invocations":1,"location":null,"numPassingAsserts":3,"retryReasons":[],"status":"passed","title":"estado com grupos incompletos retorna etapa correta"},{"ancestorTitles":["Fast Track em MONTANDO_TAMANHO"],"duration":4,"failureDetails":[],"failureMessages":[],"fullName":"Fast Track em MONTANDO_TAMANHO mensagem longa em MONTANDO_TAMANHO ativa fast track e pula para próxima etapa faltando","invocations":1,"location":null,"numPassingAsserts":3,"retryReasons":[],"status":"passed","title":"mensagem longa em MONTANDO_TAMANHO ativa fast track e pula para próxima etapa faltando"},{"ancestorTitles":["Fast Track em MONTANDO_TAMANHO"],"duration":2,"failureDetails":[],"failureMessages":[],"fullName":"Fast Track em MONTANDO_TAMANHO \"2 grandes\" em MONTANDO_TAMANHO cria grupo único e pede proteína","invocations":1,"location":null,"numPassingAsserts":5,"retryReasons":[],"status":"passed","title":"\"2 grandes\" em MONTANDO_TAMANHO cria grupo único e pede proteína"},{"ancestorTitles":["Fast Track em MONTANDO_TAMANHO"],"duration":3,"failureDetails":[],"failureMessages":[],"fullName":"Fast Track em MONTANDO_TAMANHO múltiplos tamanhos são criados como grupos separados","invocations":1,"location":null,"numPassingAsserts":4,"retryReasons":[],"status":"passed","title":"múltiplos tamanhos são criados como grupos separados"}],"endTime":1774217117834,"message":"","name":"C:\\Users\\Maissistem\\Desktop\\AGENTE RESTAURANTE\\stateMachine.test.js","startTime":1774217115559,"status":"passed","summary":""},{"assertionResults":[{"ancestorTitles":["Cardápio Sessão A"],"duration":86,"failureDetails":[],"failureMessages":[],"fullName":"Cardápio Sessão A todos os cortes possuem id, price_per_kg, price_per_unit, unidades_aceitas, preparos_comuns","invocations":1,"location":null,"numPassingAsserts":287,"retryReasons":[],"status":"passed","title":"todos os cortes possuem id, price_per_kg, price_per_unit, unidades_aceitas, preparos_comuns"},{"ancestorTitles":["Cardápio Sessão A"],"duration":8,"failureDetails":[],"failureMessages":[],"fullName":"Cardápio Sessão A 25 bovinos com id snake_case","invocations":1,"location":null,"numPassingAsserts":51,"retryReasons":[],"status":"passed","title":"25 bovinos com id snake_case"},{"ancestorTitles":["Cardápio Sessão A"],"duration":3,"failureDetails":[],"failureMessages":[],"fullName":"Cardápio Sessão A 11 frangos","invocations":1,"location":null,"numPassingAsserts":12,"retryReasons":[],"status":"passed","title":"11 frangos"},{"ancestorTitles":["Cardápio Sessão A"],"duration":1,"failureDetails":[],"failureMessages":[],"fullName":"Cardápio Sessão A 5 suínos","invocations":1,"location":null,"numPassingAsserts":6,"retryReasons":[],"status":"passed","title":"5 suínos"},{"ancestorTitles":["Cardápio Sessão A"],"duration":2,"failureDetails":[],"failureMessages":[],"fullName":"Cardápio Sessão A UNIT_MAP normaliza todas as variantes","invocations":1,"location":null,"numPassingAsserts":8,"retryReasons":[],"status":"passed","title":"UNIT_MAP normaliza todas as variantes"},{"ancestorTitles":["parseQuantidade"],"duration":2,"failureDetails":[],"failureMessages":[],"fullName":"parseQuantidade \"1 kg\" → 1, kg","invocations":1,"location":null,"numPassingAsserts":2,"retryReasons":[],"status":"passed","title":"\"1 kg\" → 1, kg"},{"ancestorTitles":["parseQuantidade"],"duration":2,"failureDetails":[],"failureMessages":[],"fullName":"parseQuantidade \"500g\" → 0.5, kg","invocations":1,"location":null,"numPassingAsserts":2,"retryReasons":[],"status":"passed","title":"\"500g\" → 0.5, kg"},{"ancestorTitles":["parseQuantidade"],"duration":0,"failureDetails":[],"failureMessages":[],"fullName":"parseQuantidade \"meio kilo\" → 0.5, kg","invocations":1,"location":null,"numPassingAsserts":2,"retryReasons":[],"status":"passed","title":"\"meio kilo\" → 0.5, kg"},{"ancestorTitles":["parseQuantidade"],"duration":0,"failureDetails":[],"failureMessages":[],"fullName":"parseQuantidade \"1 kl e meio\" → 1.5, kg","invocations":1,"location":null,"numPassingAsserts":2,"retryReasons":[],"status":"passed","title":"\"1 kl e meio\" → 1.5, kg"},{"ancestorTitles":["parseQuantidade"],"duration":0,"failureDetails":[],"failureMessages":[],"fullName":"parseQuantidade \"1,5 kg\" → 1.5, kg","invocations":1,"location":null,"numPassingAsserts":2,"retryReasons":[],"status":"passed","title":"\"1,5 kg\" → 1.5, kg"},{"ancestorTitles":["parseQuantidade"],"duration":3,"failureDetails":[],"failureMessages":[],"fullName":"parseQuantidade \"2x pacote de 500g\" → 2, pct, package_size:500","invocations":1,"location":null,"numPassingAsserts":3,"retryReasons":[],"status":"passed","title":"\"2x pacote de 500g\" → 2, pct, package_size:500"},{"ancestorTitles":["parseQuantidade"],"duration":1,"failureDetails":[],"failureMessages":[],"fullName":"parseQuantidade \"20 reais\" → 20, BRL","invocations":1,"location":null,"numPassingAsserts":2,"retryReasons":[],"status":"passed","title":"\"20 reais\" → 20, BRL"},{"ancestorTitles":["parseQuantidade"],"duration":1,"failureDetails":[],"failureMessages":[],"fullName":"parseQuantidade \"01 kilo\" → 1, kg","invocations":1,"location":null,"numPassingAsserts":2,"retryReasons":[],"status":"passed","title":"\"01 kilo\" → 1, kg"},{"ancestorTitles":["parseQuantidade"],"duration":1,"failureDetails":[],"failureMessages":[],"fullName":"parseQuantidade \"250 gramas\" → 0.25, kg","invocations":1,"location":null,"numPassingAsserts":2,"retryReasons":[],"status":"passed","title":"\"250 gramas\" → 0.25, kg"},{"ancestorTitles":["parseQuantidade"],"duration":1,"failureDetails":[],"failureMessages":[],"fullName":"parseQuantidade \"1 quilo e meio\" → 1.5, kg","invocations":1,"location":null,"numPassingAsserts":2,"retryReasons":[],"status":"passed","title":"\"1 quilo e meio\" → 1.5, kg"},{"ancestorTitles":["parseQuantidade"],"duration":0,"failureDetails":[],"failureMessages":[],"fullName":"parseQuantidade \"2 kl\" → 2, kg","invocations":1,"location":null,"numPassingAsserts":2,"retryReasons":[],"status":"passed","title":"\"2 kl\" → 2, kg"},{"ancestorTitles":["parseQuantidade"],"duration":0,"failureDetails":[],"failureMessages":[],"fullName":"parseQuantidade \"3 quilos\" → 3, kg","invocations":1,"location":null,"numPassingAsserts":2,"retryReasons":[],"status":"passed","title":"\"3 quilos\" → 3, kg"},{"ancestorTitles":["splitPedidoMultiplo"],"duration":1,"failureDetails":[],"failureMessages":[],"fullName":"splitPedidoMultiplo \"1 kg patinho + 2 kg alcatra\" → 2 itens","invocations":1,"location":null,"numPassingAsserts":1,"retryReasons":[],"status":"passed","title":"\"1 kg patinho + 2 kg alcatra\" → 2 itens"},{"ancestorTitles":["splitPedidoMultiplo"],"duration":0,"failureDetails":[],"failureMessages":[],"fullName":"splitPedidoMultiplo \"1 kg patinho\\n2 kg costela\" → 2 itens","invocations":1,"location":null,"numPassingAsserts":1,"retryReasons":[],"status":"passed","title":"\"1 kg patinho\\n2 kg costela\" → 2 itens"},{"ancestorTitles":["splitPedidoMultiplo"],"duration":1,"failureDetails":[],"failureMessages":[],"fullName":"splitPedidoMultiplo \"1 patinho\" → 1 item","invocations":1,"location":null,"numPassingAsserts":1,"retryReasons":[],"status":"passed","title":"\"1 patinho\" → 1 item"},{"ancestorTitles":["splitPedidoMultiplo"],"duration":1,"failureDetails":[],"failureMessages":[],"fullName":"splitPedidoMultiplo \"1 lagarto + 2 kg coxão + 1 frango\" → 3 itens","invocations":1,"location":null,"numPassingAsserts":1,"retryReasons":[],"status":"passed","title":"\"1 lagarto + 2 kg coxão + 1 frango\" → 3 itens"},{"ancestorTitles":["parseDeterministico"],"duration":7,"failureDetails":[],"failureMessages":[],"fullName":"parseDeterministico \"1 kg patinho moído\" → confidence >= 0.85","invocations":1,"location":null,"numPassingAsserts":5,"retryReasons":[],"status":"passed","title":"\"1 kg patinho moído\" → confidence >= 0.85"},{"ancestorTitles":["parseDeterministico"],"duration":2,"failureDetails":[],"failureMessages":[],"fullName":"parseDeterministico \"500g de alcatra em bife\" → confidence >= 0.85","invocations":1,"location":null,"numPassingAsserts":5,"retryReasons":[],"status":"passed","title":"\"500g de alcatra em bife\" → confidence >= 0.85"},{"ancestorTitles":["parseDeterministico"],"duration":3,"failureDetails":[],"failureMessages":[],"fullName":"parseDeterministico \"patinho moído duas vezes\" → times: 2","invocations":1,"location":null,"numPassingAsserts":2,"retryReasons":[],"status":"passed","title":"\"patinho moído duas vezes\" → times: 2"},{"ancestorTitles":["parseDeterministico"],"duration":1,"failureDetails":[],"failureMessages":[],"fullName":"parseDeterministico \"1 kg patinho dividir em pacotes de 500g\" → packaging detectado","invocations":1,"location":null,"numPassingAsserts":4,"retryReasons":[],"status":"passed","title":"\"1 kg patinho dividir em pacotes de 500g\" → packaging detectado"},{"ancestorTitles":["parseDeterministico"],"duration":0,"failureDetails":[],"failureMessages":[],"fullName":"parseDeterministico \"texto sem sentido nenhum\" → confidence < 0.5","invocations":1,"location":null,"numPassingAsserts":1,"retryReasons":[],"status":"passed","title":"\"texto sem sentido nenhum\" → confidence < 0.5"},{"ancestorTitles":["parseDeterministico"],"duration":1,"failureDetails":[],"failureMessages":[],"fullName":"parseDeterministico \"1,5 kg de patinho moído 2x\" → value: 1.5, times: 2","invocations":1,"location":null,"numPassingAsserts":3,"retryReasons":[],"status":"passed","title":"\"1,5 kg de patinho moído 2x\" → value: 1.5, times: 2"},{"ancestorTitles":["parseDeterministico"],"duration":1,"failureDetails":[],"failureMessages":[],"fullName":"parseDeterministico \"20 reais de patinho\" → unit: BRL","invocations":1,"location":null,"numPassingAsserts":3,"retryReasons":[],"status":"passed","title":"\"20 reais de patinho\" → unit: BRL"},{"ancestorTitles":["parseDeterministico"],"duration":1,"failureDetails":[],"failureMessages":[],"fullName":"parseDeterministico pedido múltiplo → 2 itens no array","invocations":1,"location":null,"numPassingAsserts":3,"retryReasons":[],"status":"passed","title":"pedido múltiplo → 2 itens no array"},{"ancestorTitles":["Sessão B — validateItem errorCodes"],"duration":1,"failureDetails":[],"failureMessages":[],"fullName":"Sessão B — validateItem errorCodes item sem nome → INVALID_CORTE","invocations":1,"location":null,"numPassingAsserts":3,"retryReasons":[],"status":"passed","title":"item sem nome → INVALID_CORTE"},{"ancestorTitles":["Sessão B — validateItem errorCodes"],"duration":0,"failureDetails":[],"failureMessages":[],"fullName":"Sessão B — validateItem errorCodes quantidade 0 → INVALID_QUANTITY","invocations":1,"location":null,"numPassingAsserts":2,"retryReasons":[],"status":"passed","title":"quantidade 0 → INVALID_QUANTITY"},{"ancestorTitles":["Sessão B — validateItem errorCodes"],"duration":0,"failureDetails":[],"failureMessages":[],"fullName":"Sessão B — validateItem errorCodes quantidade > 50 → INVALID_QUANTITY","invocations":1,"location":null,"numPassingAsserts":2,"retryReasons":[],"status":"passed","title":"quantidade > 50 → INVALID_QUANTITY"},{"ancestorTitles":["Sessão B — validateItem errorCodes"],"duration":4,"failureDetails":[],"failureMessages":[],"fullName":"Sessão B — validateItem errorCodes item válido → errorCodes vazio","invocations":1,"location":null,"numPassingAsserts":2,"retryReasons":[],"status":"passed","title":"item válido → errorCodes vazio"},{"ancestorTitles":["Sessão B — calculateItemPrice avançado"],"duration":1,"failureDetails":[],"failureMessages":[],"fullName":"Sessão B — calculateItemPrice avançado BRL → retorna valor direto","invocations":1,"location":null,"numPassingAsserts":1,"retryReasons":[],"status":"passed","title":"BRL → retorna valor direto"},{"ancestorTitles":["Sessão B — calculateItemPrice avançado"],"duration":1,"failureDetails":[],"failureMessages":[],"fullName":"Sessão B — calculateItemPrice avançado pct com package_size → preço por pacote","invocations":1,"location":null,"numPassingAsserts":1,"retryReasons":[],"status":"passed","title":"pct com package_size → preço por pacote"},{"ancestorTitles":["Sessão B — calculateItemPrice avançado"],"duration":0,"failureDetails":[],"failureMessages":[],"fullName":"Sessão B — calculateItemPrice avançado g unit → converte para kg","invocations":1,"location":null,"numPassingAsserts":1,"retryReasons":[],"status":"passed","title":"g unit → converte para kg"},{"ancestorTitles":["Sessão B — calculateItemPrice avançado"],"duration":0,"failureDetails":[],"failureMessages":[],"fullName":"Sessão B — calculateItemPrice avançado pct sem package_size → default 500g","invocations":1,"location":null,"numPassingAsserts":1,"retryReasons":[],"status":"passed","title":"pct sem package_size → default 500g"},{"ancestorTitles":["Sessão B — Templates novas"],"duration":0,"failureDetails":[],"failureMessages":[],"fullName":"Sessão B — Templates novas abertura() contém emoji e exemplo","invocations":1,"location":null,"numPassingAsserts":2,"retryReasons":[],"status":"passed","title":"abertura() contém emoji e exemplo"},{"ancestorTitles":["Sessão B — Templates novas"],"duration":1,"failureDetails":[],"failureMessages":[],"fullName":"Sessão B — Templates novas avisoPrecoVariavel() contém balança","invocations":1,"location":null,"numPassingAsserts":2,"retryReasons":[],"status":"passed","title":"avisoPrecoVariavel() contém balança"},{"ancestorTitles":["Sessão B — Templates novas"],"duration":2,"failureDetails":[],"failureMessages":[],"fullName":"Sessão B — Templates novas corteNaoEncontrado(\"salmão\") contém o texto","invocations":1,"location":null,"numPassingAsserts":2,"retryReasons":[],"status":"passed","title":"corteNaoEncontrado(\"salmão\") contém o texto"},{"ancestorTitles":["Sessão B — Templates novas"],"duration":1,"failureDetails":[],"failureMessages":[],"fullName":"Sessão B — Templates novas quantidadeInvalida() contém exemplos","invocations":1,"location":null,"numPassingAsserts":2,"retryReasons":[],"status":"passed","title":"quantidadeInvalida() contém exemplos"},{"ancestorTitles":["Sessão B — Templates novas"],"duration":2,"failureDetails":[],"failureMessages":[],"fullName":"Sessão B — Templates novas resumoItem() formata corte individual","invocations":1,"location":null,"numPassingAsserts":4,"retryReasons":[],"status":"passed","title":"resumoItem() formata corte individual"},{"ancestorTitles":["Sessão B — Templates novas"],"duration":1,"failureDetails":[],"failureMessages":[],"fullName":"Sessão B — Templates novas resumoPedido completo com entrega","invocations":1,"location":null,"numPassingAsserts":5,"retryReasons":[],"status":"passed","title":"resumoPedido completo com entrega"},{"ancestorTitles":["Sessão B — Interface plugin"],"duration":1,"failureDetails":[],"failureMessages":[],"fullName":"Sessão B — Interface plugin FLOW_STEPS inclui AGUARDANDO_PEDIDO_ACOUGUE","invocations":1,"location":null,"numPassingAsserts":3,"retryReasons":[],"status":"passed","title":"FLOW_STEPS inclui AGUARDANDO_PEDIDO_ACOUGUE"},{"ancestorTitles":["Sessão B — Interface plugin"],"duration":2,"failureDetails":[],"failureMessages":[],"fullName":"Sessão B — Interface plugin AGUARDANDO_PEDIDO_ACOUGUE funciona como PEDIDO_LIVRE","invocations":1,"location":null,"numPassingAsserts":3,"retryReasons":[],"status":"passed","title":"AGUARDANDO_PEDIDO_ACOUGUE funciona como PEDIDO_LIVRE"},{"ancestorTitles":["Sessão B — Interface plugin"],"duration":1,"failureDetails":[],"failureMessages":[],"fullName":"Sessão B — Interface plugin handleStep aceita 5º param company","invocations":1,"location":null,"numPassingAsserts":2,"retryReasons":[],"status":"passed","title":"handleStep aceita 5º param company"},{"ancestorTitles":["Sessão B — Interface plugin"],"duration":2,"failureDetails":[],"failureMessages":[],"fullName":"Sessão B — Interface plugin perguntarTipo exportada em templates","invocations":1,"location":null,"numPassingAsserts":3,"retryReasons":[],"status":"passed","title":"perguntarTipo exportada em templates"},{"ancestorTitles":["Sessão B — Interface plugin"],"duration":1,"failureDetails":[],"failureMessages":[],"fullName":"Sessão B — Interface plugin formatItemForSummary via validator delega para resumoItem","invocations":1,"location":null,"numPassingAsserts":2,"retryReasons":[],"status":"passed","title":"formatItemForSummary via validator delega para resumoItem"},{"ancestorTitles":["Sessão C — pluginManager integração"],"duration":4,"failureDetails":[],"failureMessages":[],"fullName":"Sessão C — pluginManager integração loadPlugin(\"acougue\") retorna plugin válido com interface completa","invocations":1,"location":null,"numPassingAsserts":11,"retryReasons":[],"status":"passed","title":"loadPlugin(\"acougue\") retorna plugin válido com interface completa"},{"ancestorTitles":["Sessão C — pluginManager integração"],"duration":1,"failureDetails":[],"failureMessages":[],"fullName":"Sessão C — pluginManager integração getFlowSteps inclui etapas açougue registradas","invocations":1,"location":null,"numPassingAsserts":3,"retryReasons":[],"status":"passed","title":"getFlowSteps inclui etapas açougue registradas"},{"ancestorTitles":["Sessão C — Fluxo completo simulado"],"duration":3,"failureDetails":[],"failureMessages":[],"fullName":"Sessão C — Fluxo completo simulado Teste 1 — pedido simples com raw_text preservado","invocations":1,"location":null,"numPassingAsserts":6,"retryReasons":[],"status":"passed","title":"Teste 1 — pedido simples com raw_text preservado"},{"ancestorTitles":["Sessão C — Fluxo completo simulado"],"duration":2,"failureDetails":[],"failureMessages":[],"fullName":"Sessão C — Fluxo completo simulado Teste 2 — pedido múltiplo: 2 itens com estimated_price","invocations":1,"location":null,"numPassingAsserts":7,"retryReasons":[],"status":"passed","title":"Teste 2 — pedido múltiplo: 2 itens com estimated_price"},{"ancestorTitles":["Sessão C — Fluxo completo simulado"],"duration":1,"failureDetails":[],"failureMessages":[],"fullName":"Sessão C — Fluxo completo simulado Teste 3 — corte não reconhecido → pedidoNaoEntendido","invocations":1,"
[...]
umo completo ao perguntar entrega/retirada"],"duration":9,"failureDetails":[],"failureMessages":[],"fullName":"Bug v6 — Resumo completo ao perguntar entrega/retirada fluxo completo via process: 3 grandes + bebidas","invocations":1,"location":null,"numPassingAsserts":8,"retryReasons":[],"status":"passed","title":"fluxo completo via process: 3 grandes + bebidas"}],"endTime":1774217118282,"message":"","name":"C:\\Users\\Maissistem\\Desktop\\AGENTE RESTAURANTE\\bugfixes.test.js","startTime":1774217115555,"status":"passed","summary":""},{"assertionResults":[{"ancestorTitles":["Cenário 1: Cliente com Pressa"],"duration":75,"failureDetails":[{"matcherResult":{"expected":"Grande","message":"\u001b[2mexpect(\u001b[22m\u001b[31mreceived\u001b[39m\u001b[2m).\u001b[22mtoBe\u001b[2m(\u001b[22m\u001b[32mexpected\u001b[39m\u001b[2m) // Object.is equality\u001b[22m\n\nExpected: \u001b[32m\"Grande\"\u001b[39m\nReceived: \u001b[31mundefined\u001b[39m","name":"toBe","pass":false}}],"failureMessages":["Error: \u001b[2mexpect(\u001b[22m\u001b[31mreceived\u001b[39m\u001b[2m).\u001b[22mtoBe\u001b[2m(\u001b[22m\u001b[32mexpected\u001b[39m\u001b[2m) // Object.is equality\u001b[22m\n\nExpected: \u001b[32m\"Grande\"\u001b[39m\nReceived: \u001b[31mundefined\u001b[39m\n    at Object.toBe (C:\\Users\\Maissistem\\Desktop\\AGENTE RESTAURANTE\\scenarios.test.js:71:30)\n    at processTicksAndRejections (node:internal/process/task_queues:103:5)"],"fullName":"Cenário 1: Cliente com Pressa fast track: captura dados da mensagem longa e avança etapas","invocations":1,"location":null,"numPassingAsserts":1,"retryReasons":[],"status":"failed","title":"fast track: captura dados da mensagem longa e avança etapas"},{"ancestorTitles":["Cenário 1: Cliente com Pressa"],"duration":28,"failureDetails":[],"failureMessages":[],"fullName":"Cenário 1: Cliente com Pressa fluxo simplificado com pressa: grande frango retirada pix","invocations":1,"location":null,"numPassingAsserts":3,"retryReasons":[],"status":"passed","title":"fluxo simplificado com pressa: grande frango retirada pix"},{"ancestorTitles":["Cenário 1: Cliente com Pressa"],"duration":3,"failureDetails":[{"matcherResult":{"actual":false,"expected":true,"message":"\u001b[2mexpect(\u001b[22m\u001b[31mreceived\u001b[39m\u001b[2m).\u001b[22mtoBe\u001b[2m(\u001b[22m\u001b[32mexpected\u001b[39m\u001b[2m) // Object.is equality\u001b[22m\n\nExpected: \u001b[32mtrue\u001b[39m\nReceived: \u001b[31mfalse\u001b[39m","name":"toBe","pass":false}}],"failureMessages":["Error: \u001b[2mexpect(\u001b[22m\u001b[31mreceived\u001b[39m\u001b[2m).\u001b[22mtoBe\u001b[2m(\u001b[22m\u001b[32mexpected\u001b[39m\u001b[2m) // Object.is equality\u001b[22m\n\nExpected: \u001b[32mtrue\u001b[39m\nReceived: \u001b[31mfalse\u001b[39m\n    at Object.toBe (C:\\Users\\Maissistem\\Desktop\\AGENTE RESTAURANTE\\scenarios.test.js:101:52)\n    at processTicksAndRejections (node:internal/process/task_queues:103:5)"],"fullName":"Cenário 1: Cliente com Pressa fast track captura proteína da mensagem","invocations":1,"location":null,"numPassingAsserts":0,"retryReasons":[],"status":"failed","title":"fast track captura proteína da mensagem"},{"ancestorTitles":["Cenário 2: Cliente Indeciso"],"duration":5,"failureDetails":[],"failureMessages":[],"fullName":"Cenário 2: Cliente Indeciso responde pergunta \"o que tem de proteína?\"","invocations":1,"location":null,"numPassingAsserts":1,"retryReasons":[],"status":"passed","title":"responde pergunta \"o que tem de proteína?\""},{"ancestorTitles":["Cenário 2: Cliente Indeciso"],"duration":5,"failureDetails":[],"failureMessages":[],"fullName":"Cenário 2: Cliente Indeciso aceita \"tanto faz\" para acompanhamento","invocations":1,"location":null,"numPassingAsserts":1,"retryReasons":[],"status":"passed","title":"aceita \"tanto faz\" para acompanhamento"},{"ancestorTitles":["Cenário 2: Cliente Indeciso"],"duration":11,"failureDetails":[],"failureMessages":[],"fullName":"Cenário 2: Cliente Indeciso fluxo completo do indeciso até confirmação","invocations":1,"location":null,"numPassingAsserts":1,"retryReasons":[],"status":"passed","title":"fluxo completo do indeciso até confirmação"},{"ancestorTitles":["Cenário 3: Pedido Grande para Família"],"duration":10,"failureDetails":[],"failureMessages":[],"fullName":"Cenário 3: Pedido Grande para Família cria 4 marmitas (3 grandes + 1 pequena)","invocations":1,"location":null,"numPassingAsserts":3,"retryReasons":[],"status":"passed","title":"cria 4 marmitas (3 grandes + 1 pequena)"},{"ancestorTitles":["Cenário 3: Pedido Grande para Família"],"duration":17,"failureDetails":[],"failureMessages":[],"fullName":"Cenário 3: Pedido Grande para Família adiciona bebidas com quantidade correta","invocations":1,"location":null,"numPassingAsserts":3,"retryReasons":[],"status":"passed","title":"adiciona bebidas com quantidade correta"},{"ancestorTitles":["Cenário 3: Pedido Grande para Família"],"duration":8,"failureDetails":[],"failureMessages":[],"fullName":"Cenário 3: Pedido Grande para Família resumo agrupa 3 grandes com preço correto","invocations":1,"location":null,"numPassingAsserts":2,"retryReasons":[],"status":"passed","title":"resumo agrupa 3 grandes com preço correto"},{"ancestorTitles":["Cenário 3: Pedido Grande para Família"],"duration":12,"failureDetails":[],"failureMessages":[],"fullName":"Cenário 3: Pedido Grande para Família fluxo completo com dinheiro e troco","invocations":1,"location":null,"numPassingAsserts":2,"retryReasons":[],"status":"passed","title":"fluxo completo com dinheiro e troco"},{"ancestorTitles":["Cenário 4: Cliente que Muda de Ideia"],"duration":5,"failureDetails":[],"failureMessages":[],"fullName":"Cenário 4: Cliente que Muda de Ideia começa com 2 grandes e completa o fluxo","invocations":1,"location":null,"numPassingAsserts":1,"retryReasons":[],"status":"passed","title":"começa com 2 grandes e completa o fluxo"},{"ancestorTitles":["Cenário 4: Cliente que Muda de Ideia"],"duration":9,"failureDetails":[],"failureMessages":[],"fullName":"Cenário 4: Cliente que Muda de Ideia fluxo completo com retirada e cartão","invocations":1,"location":null,"numPassingAsserts":3,"retryReasons":[],"status":"passed","title":"fluxo completo com retirada e cartão"},{"ancestorTitles":["Cenário 5: Cliente Frustrado"],"duration":6,"failureDetails":[],"failureMessages":[],"fullName":"Cenário 5: Cliente Frustrado responde com empatia ao \"aff\"","invocations":1,"location":null,"numPassingAsserts":1,"retryReasons":[],"status":"passed","title":"responde com empatia ao \"aff\""},{"ancestorTitles":["Cenário 5: Cliente Frustrado"],"duration":4,"failureDetails":[],"failureMessages":[],"fullName":"Cenário 5: Cliente Frustrado não trava com \"sei lá, o que tem?\"","invocations":1,"location":null,"numPassingAsserts":1,"retryReasons":[],"status":"passed","title":"não trava com \"sei lá, o que tem?\""},{"ancestorTitles":["Cenário 5: Cliente Frustrado"],"duration":9,"failureDetails":[],"failureMessages":[],"fullName":"Cenário 5: Cliente Frustrado fluxo completo mesmo com frustração","invocations":1,"location":null,"numPassingAsserts":1,"retryReasons":[],"status":"passed","title":"fluxo completo mesmo com frustração"},{"ancestorTitles":["Cenário 6: Cliente Perguntão"],"duration":3,"failureDetails":[],"failureMessages":[],"fullName":"Cenário 6: Cliente Perguntão responde pergunta sobre horário de funcionamento","invocations":1,"location":null,"numPassingAsserts":1,"retryReasons":[],"status":"passed","title":"responde pergunta sobre horário de funcionamento"},{"ancestorTitles":["Cenário 6: Cliente Perguntão"],"duration":2,"failureDetails":[],"failureMessages":[],"fullName":"Cenário 6: Cliente Perguntão responde pergunta sobre taxa de entrega","invocations":1,"location":null,"numPassingAsserts":1,"retryReasons":[],"status":"passed","title":"responde pergunta sobre taxa de entrega"},{"ancestorTitles":["Cenário 6: Cliente Perguntão"],"duration":3,"failureDetails":[],"failureMessages":[],"fullName":"Cenário 6: Cliente Perguntão responde pergunta sobre formas de pagamento","invocations":1,"location":null,"numPassingAsserts":1,"retryReasons":[],"status":"passed","title":"responde pergunta sobre formas de pagamento"},{"ancestorTitles":["Cenário 6: Cliente Perguntão"],"duration":8,"failureDetails":[],"failureMessages":[],"fullName":"Cenário 6: Cliente Perguntão retoma fluxo após perguntas de FAQ","invocations":1,"location":null,"numPassingAsserts":1,"retryReasons":[],"status":"passed","title":"retoma fluxo após perguntas de FAQ"},{"ancestorTitles":["Cenário 7: Cliente com Typos"],"duration":2,"failureDetails":[],"failureMessages":[],"fullName":"Cenário 7: Cliente com Typos entende \"grandi\" como Grande","invocations":1,"location":null,"numPassingAsserts":1,"retryReasons":[],"status":"passed","title":"entende \"grandi\" como Grande"},{"ancestorTitles":["Cenário 7: Cliente com Typos"],"duration":3,"failureDetails":[],"failureMessages":[],"fullName":"Cenário 7: Cliente com Typos entende \"churrascp\" como Churrasco","invocations":1,"location":null,"numPassingAsserts":1,"retryReasons":[],"status":"passed","title":"entende \"churrascp\" como Churrasco"},{"ancestorTitles":["Cenário 7: Cliente com Typos"],"duration":2,"failureDetails":[],"failureMessages":[],"fullName":"Cenário 7: Cliente com Typos entende \"custela\" como Costela","invocations":1,"location":null,"numPassingAsserts":1,"retryReasons":[],"status":"passed","title":"entende \"custela\" como Costela"},{"ancestorTitles":["Cenário 7: Cliente com Typos"],"duration":3,"failureDetails":[],"failureMessages":[],"fullName":"Cenário 7: Cliente com Typos entende \"aroz\" como Arroz","invocations":1,"location":null,"numPassingAsserts":1,"retryReasons":[],"status":"passed","title":"entende \"aroz\" como Arroz"},{"ancestorTitles":["Cenário 7: Cliente com Typos"],"duration":4,"failureDetails":[],"failureMessages":[],"fullName":"Cenário 7: Cliente com Typos entende \"maiones\" como Maionese","invocations":1,"location":null,"numPassingAsserts":1,"retryReasons":[],"status":"passed","title":"entende \"maiones\" como Maionese"},{"ancestorTitles":["Cenário 9: Tentativa de Cancelamento"],"duration":8,"failureDetails":[],"failureMessages":[],"fullName":"Cenário 9: Tentativa de Cancelamento \"cancela\" pede confirmação antes de cancelar","invocations":1,"location":null,"numPassingAsserts":2,"retryReasons":[],"status":"passed","title":"\"cancela\" pede confirmação antes de cancelar"},{"ancestorTitles":["Cenário 9: Tentativa de Cancelamento"],"duration":5,"failureDetails":[],"failureMessages":[],"fullName":"Cenário 9: Tentativa de Cancelamento \"não\" após cancelamento retoma o pedido","invocations":1,"location":null,"numPassingAsserts":2,"retryReasons":[],"status":"passed","title":"\"não\" após cancelamento retoma o pedido"},{"ancestorTitles":["Cenário 9: Tentativa de Cancelamento"],"duration":7,"failureDetails":[],"failureMessages":[],"fullName":"Cenário 9: Tentativa de Cancelamento fluxo completo após desistir de cancelar","invocations":1,"location":null,"numPassingAsserts":1,"retryReasons":[],"status":"passed","title":"fluxo completo após desistir de cancelar"},{"ancestorTitles":["Cenário 10: Dinheiro com Troco"],"duration":8,"failureDetails":[],"failureMessages":[],"fullName":"Cenário 10: Dinheiro com Troco mostra total antes de perguntar troco","invocations":1,"location":null,"numPassingAsserts":1,"retryReasons":[],"status":"passed","title":"mostra total antes de perguntar troco"},{"ancestorTitles":["Cenário 10: Dinheiro com Troco"],"duration":10,"failureDetails":[],"failureMessages":[],"fullName":"Cenário 10: Dinheiro com Troco captura troco corretamente","invocations":1,"location":null,"numPassingAsserts":2,"retryReasons":[],"status":"passed","title":"captura troco corretamente"},{"ancestorTitles":["Cenário 11: Cliente Pede Resumo no Meio"],"duration":4,"failureDetails":[],"failureMessages":[],"fullName":"Cenário 11: Cliente Pede Resumo no Meio ASK_SUMMARY funciona em AGUARDANDO_TIPO","invocations":1,"location":null,"numPassingAsserts":2,"retryReasons":[],"status":"passed","title":"ASK_SUMMARY funciona em AGUARDANDO_TIPO"},{"ancestorTitles":["Cenário 11: Cliente Pede Resumo no Meio"],"duration":5,"failureDetails":[],"failureMessages":[],"fullName":"Cenário 11: Cliente Pede Resumo no Meio resumo mostra todas as marmitas agrupadas + bebidas","invocations":1,"location":null,"numPassingAsserts":4,"retryReasons":[],"status":"passed","title":"resumo mostra todas as marmitas agrupadas + bebidas"},{"ancestorTitles":["Cenário 11: Cliente Pede Resumo no Meio"],"duration":7,"failureDetails":[],"failureMessages":[],"fullName":"Cenário 11: Cliente Pede Resumo no Meio fluxo completo com pedido de resumo","invocations":1,"location":null,"numPassingAsserts":1,"retryReasons":[],"status":"passed","title":"fluxo completo com pedido de resumo"},{"ancestorTitles":["Cenário 12: Conversa Caótica (Stress Test)"],"duration":2,"failureDetails":[],"failureMessages":[],"fullName":"Cenário 12: Conversa Caótica (Stress Test) fast track captura pedido completo de uma mensagem longa","invocations":1,"location":null,"numPassingAsserts":1,"retryReasons":[],"status":"passed","title":"fast track captura pedido completo de uma mensagem longa"},{"ancestorTitles":["Cenário 12: Conversa Caótica (Stress Test)"],"duration":1,"failureDetails":[],"failureMessages":[],"fullName":"Cenário 12: Conversa Caótica (Stress Test) aceita saudação com emojis","invocations":1,"location":null,"numPassingAsserts":2,"retryReasons":[],"status":"passed","title":"aceita saudação com emojis"},{"ancestorTitles":["Cenário 12: Conversa Caótica (Stress Test)"],"duration":7,"failureDetails":[],"failureMessages":[],"fullName":"Cenário 12: Conversa Caótica (Stress Test) fluxo completo com mensagens caóticas","invocations":1,"location":null,"numPassingAsserts":1,"retryReasons":[],"status":"passed","title":"fluxo completo com mensagens caóticas"},{"ancestorTitles":["Integridade do Pedido"],"duration":5,"failureDetails":[],"failureMessages":[],"fullName":"Integridade do Pedido marmita grande tem preço 22","invocations":1,"location":null,"numPassingAsserts":1,"retryReasons":[],"status":"passed","title":"marmita grande tem preço 22"},{"ancestorTitles":["Integridade do Pedido"],"duration":3,"failureDetails":[],"failureMessages":[],"fullName":"Integridade do Pedido marmita pequena tem preço 20","invocations":1,"location":null,"numPassingAsserts":1,"retryReasons":[],"status":"passed","title":"marmita pequena tem preço 20"},{"ancestorTitles":["Integridade do Pedido"],"duration":3,"failureDetails":[],"failureMessages":[],"fullName":"Integridade do Pedido suco tem preço 8","invocations":1,"location":null,"numPassingAsserts":2,"retryReasons":[],"status":"passed","title":"suco tem preço 8"},{"ancestorTitles":["Integridade do Pedido"],"duration":3,"failureDetails":[],"failureMessages":[],"fullName":"Integridade do Pedido refrigerante tem preço 6","invocations":1,"location":null,"numPassingAsserts":2,"retryReasons":[],"status":"passed","title":"refrigerante tem preço 6"},{"ancestorTitles":["Integridade do Pedido"],"duration":5,"failureDetails":[],"failureMessages":[],"fullName":"Integridade do Pedido taxa de entrega é 5","invocations":1,"location":null,"numPassingAsserts":1,"retryReasons":[],"status":"passed","title":"taxa de entrega é 5"},{"ancestorTitles":["Integridade do Pedido"],"duration":5,"failureDetails":[],"failureMessages":[],"fullName":"Integridade do Pedido retirada não tem taxa","invocations":1,"location":null,"numPassingAsserts":1,"retryReasons":[],"status":"passed","title":"retirada não tem taxa"},{"ancestorTitles":["Fluxo de Pagamento"],"duration":5,"failureDetails":[],"failureMessages":[],"fullName":"Fluxo de Pagamento Pix: mostra chave após confirmação","invocations":1,"location":null,"numPassingAsserts":1,"retryReasons":[],"status":"passed","title":"Pix: mostra chave após confirmação"},{"ancestorTitles":["Fluxo de Pagamento"],"duration":9,"failureDetails":[],"failureMessages":[],"fullName":"Fluxo de Pagamento Cartão: confirma sem pedir troco","invocations":1,"location":null,"numPassingAsserts":2,"retryReasons":[],"status":"passed","title":"Cartão: confirma sem pedir troco"},{"ancestorTitles":["Fluxo de Pagamento"],"duration":5,"failureDetails":[],"failureMessages":[],"fullName":"Fluxo de Pagamento Dinheiro: pergunta troco","invocations":1,"location":null,"numPassingAsserts":1,"retryReasons":[],"status":"passed","title":"Dinheiro: pergunta troco"}],"endTime":1774217118446,"message":"\u001b[1m\u001b[31m  \u001b[1m● \u001b[22m\u001b[1mCenário 1: Cliente com Pressa › fast track: captura dados da mensagem longa e avança etapas\u001b[39m\u001b[22m\n\n    \u001b[2mexpect(\u001b[22m\u001b[31mreceived\u001b[39m\u001b[2m).\u001b[22mtoBe\u001b[2m(\u001b[22m\u001b[32mexpected\u001b[39m\u001b[2m) // Object.is equality\u001b[22m\n\n    Expected: \u001b[32m\"Grande\"\u001b[39m\n    Received: \u001b[31mundefined\u001b[39m\n\u001b[2m\u001b[22m\n\u001b[2m    \u001b[0m \u001b[90m 69 |\u001b[39m     \u001b[90m// Deve ter capturado o tamanho\u001b[39m\u001b[22m\n\u001b[2m     \u001b[90m 70 |\u001b[39m     \u001b[36mconst\u001b[39m marmita \u001b[33m=\u001b[39m state\u001b[33m.\u001b[39m_marmitaAtual \u001b[33m||\u001b[39m state\u001b[33m.\u001b[39m_grupos\u001b[33m?\u001b[39m\u001b[33m.\u001b[39m[\u001b[35m0\u001b[39m]\u001b[33m?\u001b[39m\u001b[33m.\u001b[39mmarmitas\u001b[33m?\u001b[39m\u001b[33m.\u001b[39m[\u001b[35m0\u001b[39m]\u001b[33m;\u001b[39m\u001b[22m\n\u001b[2m    \u001b[31m\u001b[1m>\u001b[22m\u001b[2m\u001b[39m\u001b[90m 71 |\u001b[39m     expect(marmita\u001b[33m?\u001b[39m\u001b[33m.\u001b[39mtamanho)\u001b[33m.\u001b[39mtoBe(\u001b[32m'Grande'\u001b[39m)\u001b[33m;\u001b[39m\u001b[22m\n\u001b[2m     \u001b[90m    |\u001b[39m                              \u001b[31m\u001b[1m^\u001b[22m\u001b[2m\u001b[39m\u001b[22m\n\u001b[2m     \u001b[90m 72 |\u001b[39m   })\u001b[33m;\u001b[39m\u001b[22m\n\u001b[2m     \u001b[90m 73 |\u001b[39m\u001b[22m\n\u001b[2m     \u001b[90m 74 |\u001b[39m   test(\u001b[32m'fluxo simplificado com pressa: grande frango retirada pix'\u001b[39m\u001b[33m,\u001b[39m \u001b[36masync\u001b[39m () \u001b[33m=>\u001b[39m {\u001b[0m\u001b[22m\n\u001b[2m\u001b[22m\n\u001b[2m      \u001b[2mat Object.toBe (\u001b[22m\u001b[2m\u001b[0m\u001b[36mscenarios.test.js\u001b[39m\u001b[0m\u001b[2m:71:30)\u001b[22m\u001b[2m\u001b[22m\n\n\u001b[1m\u001b[31m  \u001b[1m● \u001b[22m\u001b[1mCenário 1: Cliente com Pressa › fast track captura proteína da mensagem\u001b[39m\u001b[22m\n\n    \u001b[2mexpect(\u001b[22m\u001b[31mreceived\u001b[39m\u001b[2m).\u001b[22mtoBe\u001b[2m(\u001b[22m\u001b[32mexpected\u001b[39m\u001b[2m) // Object.is equality\u001b[22m\n\n    Expected: \u001b[32mtrue\u001b[39m\n    Received: \u001b[31mfalse\u001b[39m\n\u001b[2m\u001b[22m\n\u001b[2m    \u001b[0m \u001b[90m  99 |\u001b[39m     \u001b[22m\n\u001b[2m     \u001b[90m 100 |\u001b[39m     \u001b[90m// Deve ter capturado Frango na proteína\u001b[39m\u001b[22m\n\u001b[2m    \u001b[31m\u001b[1m>\u001b[22m\u001b[2m\u001b[39m\u001b[90m 101 |\u001b[39m     expect(proteinas\u001b[33m.\u001b[39msome(p \u001b[33m=>\u001b[39m \u001b[35m/frango/i\u001b[39m\u001b[33m.\u001b[39mtest(p)))\u001b[33m.\u001b[39mtoBe(\u001b[36mtrue\u001b[39m)\u001b[33m;\u001b[39m\u001b[22m\n\u001b[2m     \u001b[90m     |\u001b[39m                                                    \u001b[31m\u001b[1m^\u001b[22m\u001b[2m\u001b[39m\u001b[22m\n\u001b[2m     \u001b[90m 102 |\u001b[39m   })\u001b[33m;\u001b[39m\u001b[22m\n\u001b[2m     \u001b[90m 103 |\u001b[39m })\u001b[33m;\u001b[39m\u001b[22m\n\u001b[2m     \u001b[90m 104 |\u001b[39m\u001b[0m\u001b[22m\n\u001b[2m\u001b[22m\n\u001b[2m      \u001b[2mat Object.toBe (\u001b[22m\u001b[2m\u001b[0m\u001b[36mscenarios.test.js\u001b[39m\u001b[0m\u001b[2m:101:52)\u001b[22m\u001b[2m\u001b[22m\n","name":"C:\\Users\\Maissistem\\Desktop\\AGENTE RESTAURANTE\\scenarios.test.js","startTime":1774217115500,"status":"failed","summary":""}],"wasInterrupted":false}
